#
# There is insufficient memory for the Java Runtime Environment to continue.
# Native memory allocation (malloc) failed to allocate 1706688 bytes. Error detail: Chunk::new
# Possible reasons:
#   The system is out of physical RAM or swap space
#   This process is running with CompressedOops enabled, and the Java Heap may be blocking the growth of the native heap
# Possible solutions:
#   Reduce memory load on the system
#   Increase physical memory or swap space
#   Check if swap backing store is full
#   Decrease Java heap size (-Xmx/-Xms)
#   Decrease number of Java threads
#   Decrease Java thread stack sizes (-Xss)
#   Set larger code cache with -XX:ReservedCodeCacheSize=
#   JVM is running with Unscaled Compressed Oops mode in which the Java heap is
#     placed in the first 4GB address space. The Java Heap base address is the
#     maximum limit for the native heap growth. Please use -XX:HeapBaseMinAddress
#     to set the Java Heap base and to place the Java Heap above 4GB virtual address.
# This output file may be truncated or incomplete.
#
#  Out of Memory Error (arena.cpp:168), pid=8456, tid=12208
#
# JRE version: OpenJDK Runtime Environment Temurin-21.0.5+11 (21.0.5+11) (build 21.0.5+11-LTS)
# Java VM: OpenJDK 64-Bit Server VM Temurin-21.0.5+11 (21.0.5+11-LTS, mixed mode, sharing, tiered, compressed oops, compressed class ptrs, g1 gc, windows-amd64)
# No core dump will be written. Minidumps are not enabled by default on client versions of Windows
#

---------------  S U M M A R Y ------------

Command Line: -Dfile.encoding=UTF-8 -Dstdout.encoding=UTF-8 -Dstderr.encoding=UTF-8 -XX:+ShowCodeDetailsInExceptionMessages com.in28minutes.rest.webservices.restful_web_services.RestfulWebServicesApplication

Host: Intel(R) Core(TM) i5-8250U CPU @ 1.60GHz, 8 cores, 7G,  Windows 10 , 64 bit Build 19041 (10.0.19041.3636)
Time: Tue Dec 17 08:58:48 2024 India Standard Time elapsed time: 1.846753 seconds (0d 0h 0m 1s)

---------------  T H R E A D  ---------------

Current thread (0x000001a818c74de0):  JavaThread "C2 CompilerThread0" daemon [_thread_in_native, id=12208, stack(0x0000001383e00000,0x0000001383f00000) (1024K)]


Current CompileTask:
C2:1846 2148   !   4       jdk.internal.loader.BuiltinClassLoader::loadClassOrNull (143 bytes)

Stack: [0x0000001383e00000,0x0000001383f00000]
Native frames: (J=compiled Java code, j=interpreted, Vv=VM code, C=native code)
V  [jvm.dll+0x6cd4e9]
V  [jvm.dll+0x8a7941]
V  [jvm.dll+0x8a9e6e]
V  [jvm.dll+0x8aa543]
V  [jvm.dll+0x27f6d6]
V  [jvm.dll+0xc500d]
V  [jvm.dll+0xc5543]
V  [jvm.dll+0x3b660c]
V  [jvm.dll+0x382835]
V  [jvm.dll+0x381c9a]
V  [jvm.dll+0x2479d0]
V  [jvm.dll+0x246faf]
V  [jvm.dll+0x1c75ce]
V  [jvm.dll+0x25682a]
V  [jvm.dll+0x254dca]
V  [jvm.dll+0x3f00d6]
V  [jvm.dll+0x8514fb]
V  [jvm.dll+0x6cbbed]
C  [ucrtbase.dll+0x21bb2]
C  [KERNEL32.DLL+0x17344]
C  [ntdll.dll+0x526b1]


---------------  P R O C E S S  ---------------

Threads class SMR info:
_java_thread_list=0x000001a85f120f40, length=13, elements={
0x000001a87ea08720, 0x000001a818c629a0, 0x000001a818c64560, 0x000001a818c65310,
0x000001a818c66ff0, 0x000001a818c67bf0, 0x000001a818c687f0, 0x000001a818c74de0,
0x000001a818c79890, 0x000001a85e12ae00, 0x000001a85e12e260, 0x000001a85e1e5610,
0x000001a85fba4850
}

Java Threads: ( => current thread )
  0x000001a87ea08720 JavaThread "main"                              [_thread_in_native, id=4912, stack(0x0000001383000000,0x0000001383100000) (1024K)]
  0x000001a818c629a0 JavaThread "Reference Handler"          daemon [_thread_blocked, id=12356, stack(0x0000001383800000,0x0000001383900000) (1024K)]
  0x000001a818c64560 JavaThread "Finalizer"                  daemon [_thread_blocked, id=16744, stack(0x0000001383900000,0x0000001383a00000) (1024K)]
  0x000001a818c65310 JavaThread "Signal Dispatcher"          daemon [_thread_blocked, id=19668, stack(0x0000001383a00000,0x0000001383b00000) (1024K)]
  0x000001a818c66ff0 JavaThread "Attach Listener"            daemon [_thread_blocked, id=6892, stack(0x0000001383b00000,0x0000001383c00000) (1024K)]
  0x000001a818c67bf0 JavaThread "Service Thread"             daemon [_thread_blocked, id=10052, stack(0x0000001383c00000,0x0000001383d00000) (1024K)]
  0x000001a818c687f0 JavaThread "Monitor Deflation Thread"   daemon [_thread_blocked, id=13452, stack(0x0000001383d00000,0x0000001383e00000) (1024K)]
=>0x000001a818c74de0 JavaThread "C2 CompilerThread0"         daemon [_thread_in_native, id=12208, stack(0x0000001383e00000,0x0000001383f00000) (1024K)]
  0x000001a818c79890 JavaThread "C1 CompilerThread0"         daemon [_thread_in_vm, id=13740, stack(0x0000001383f00000,0x0000001384000000) (1024K)]
  0x000001a85e12ae00 JavaThread "Notification Thread"        daemon [_thread_blocked, id=13752, stack(0x0000001384000000,0x0000001384100000) (1024K)]
  0x000001a85e12e260 JavaThread "Common-Cleaner"             daemon [_thread_blocked, id=10824, stack(0x0000001384100000,0x0000001384200000) (1024K)]
  0x000001a85e1e5610 JavaThread "C2 CompilerThread1"         daemon [_thread_in_native, id=20048, stack(0x0000001384200000,0x0000001384300000) (1024K)]
  0x000001a85fba4850 JavaThread "C2 CompilerThread2"         daemon [_thread_in_native, id=21200, stack(0x0000001384c00000,0x0000001384d00000) (1024K)]
Total: 13

Other Threads:
  0x000001a818c45080 VMThread "VM Thread"                           [id=15180, stack(0x0000001383700000,0x0000001383800000) (1024K)]
  0x000001a818c35de0 WatcherThread "VM Periodic Task Thread"        [id=21460, stack(0x0000001383600000,0x0000001383700000) (1024K)]
  0x000001a87f7df600 WorkerThread "GC Thread#0"                     [id=9484, stack(0x0000001383100000,0x0000001383200000) (1024K)]
  0x000001a85ecf2320 WorkerThread "GC Thread#1"                     [id=17272, stack(0x0000001384300000,0x0000001384400000) (1024K)]
  0x000001a85ecf26c0 WorkerThread "GC Thread#2"                     [id=9352, stack(0x0000001384400000,0x0000001384500000) (1024K)]
  0x000001a85ee817e0 WorkerThread "GC Thread#3"                     [id=13240, stack(0x0000001384500000,0x0000001384600000) (1024K)]
  0x000001a85ee81f90 WorkerThread "GC Thread#4"                     [id=7412, stack(0x0000001384600000,0x0000001384700000) (1024K)]
  0x000001a85ee86740 WorkerThread "GC Thread#5"                     [id=9796, stack(0x0000001384700000,0x0000001384800000) (1024K)]
  0x000001a85f34bdb0 WorkerThread "GC Thread#6"                     [id=19760, stack(0x0000001384900000,0x0000001384a00000) (1024K)]
  0x000001a85f346dd0 WorkerThread "GC Thread#7"                     [id=12560, stack(0x0000001384a00000,0x0000001384b00000) (1024K)]
  0x000001a87f7f1cc0 ConcurrentGCThread "G1 Main Marker"            [id=17248, stack(0x0000001383200000,0x0000001383300000) (1024K)]
  0x000001a87f7f27c0 WorkerThread "G1 Conc#0"                       [id=11056, stack(0x0000001383300000,0x0000001383400000) (1024K)]
  0x000001a85f1bc400 WorkerThread "G1 Conc#1"                       [id=5664, stack(0x0000001384800000,0x0000001384900000) (1024K)]
  0x000001a818af2e00 ConcurrentGCThread "G1 Refine#0"               [id=22280, stack(0x0000001383400000,0x0000001383500000) (1024K)]
  0x000001a818af5630 ConcurrentGCThread "G1 Service"                [id=11304, stack(0x0000001383500000,0x0000001383600000) (1024K)]
Total: 15

Threads with active compile tasks:
C2 CompilerThread0  2011 2148   !   4       jdk.internal.loader.BuiltinClassLoader::loadClassOrNull (143 bytes)
C2 CompilerThread1  2011 2285       4       java.lang.invoke.MethodType::methodType (69 bytes)
C2 CompilerThread2  2011 2630       4       org.springframework.boot.context.properties.source.ConfigurationPropertyName$ElementsParser::parse (234 bytes)
Total: 3

VM state: not at safepoint (normal execution)

VM Mutex/Monitor currently owned by a thread: None

Heap address: 0x0000000081400000, size: 2028 MB, Compressed Oops mode: 32-bit

CDS archive(s) mapped at: [0x000001a819000000-0x000001a819c80000-0x000001a819c80000), size 13107200, SharedBaseAddress: 0x000001a819000000, ArchiveRelocationMode: 1.
Compressed class space mapped at: 0x000001a81a000000-0x000001a85a000000, reserved size: 1073741824
Narrow klass base: 0x000001a819000000, Narrow klass shift: 0, Narrow klass range: 0x100000000

GC Precious Log:
 CardTable entry size: 512
 Card Set container configuration: InlinePtr #cards 5 size 8 Array Of Cards #cards 12 size 40 Howl #buckets 4 coarsen threshold 1843 Howl Bitmap #cards 512 size 80 coarsen threshold 460 Card regions per heap region 1 cards per card region 2048
 CPUs: 8 total, 8 available
 Memory: 8108M
 Large Page Support: Disabled
 NUMA Support: Disabled
 Compressed Oops: Enabled (32-bit)
 Heap Region Size: 1M
 Heap Min Capacity: 8M
 Heap Initial Capacity: 128M
 Heap Max Capacity: 2028M
 Pre-touch: Disabled
 Parallel Workers: 8
 Concurrent Workers: 2
 Concurrent Refinement Workers: 8
 Periodic GC: Disabled

Heap:
 garbage-first heap   total 51200K, used 18596K [0x0000000081400000, 0x0000000100000000)
  region size 1024K, 12 young (12288K), 7 survivors (7168K)
 Metaspace       used 21505K, committed 21888K, reserved 1114112K
  class space    used 2679K, committed 2880K, reserved 1048576K

Heap Regions: E=young(eden), S=young(survivor), O=old, HS=humongous(starts), HC=humongous(continues), CS=collection set, F=free, TAMS=top-at-mark-start, PB=parsable bottom
|   0|0x0000000081400000, 0x0000000081500000, 0x0000000081500000|100%|HS|  |TAMS 0x0000000081400000| PB 0x0000000081400000| Complete 
|   1|0x0000000081500000, 0x0000000081600000, 0x0000000081600000|100%|HS|  |TAMS 0x0000000081500000| PB 0x0000000081500000| Complete 
|   2|0x0000000081600000, 0x0000000081700000, 0x0000000081700000|100%| O|  |TAMS 0x0000000081600000| PB 0x0000000081600000| Untracked 
|   3|0x0000000081700000, 0x0000000081800000, 0x0000000081800000|100%| O|  |TAMS 0x0000000081700000| PB 0x0000000081700000| Untracked 
|   4|0x0000000081800000, 0x0000000081900000, 0x0000000081900000|100%| O|  |TAMS 0x0000000081800000| PB 0x0000000081800000| Untracked 
|   5|0x0000000081900000, 0x0000000081a00000, 0x0000000081a00000|100%| O|  |TAMS 0x0000000081900000| PB 0x0000000081900000| Untracked 
|   6|0x0000000081a00000, 0x0000000081b00000, 0x0000000081b00000|100%| O|  |TAMS 0x0000000081a00000| PB 0x0000000081a00000| Untracked 
|   7|0x0000000081b00000, 0x0000000081be8670, 0x0000000081c00000| 90%| O|Cm|TAMS 0x0000000081b00000| PB 0x0000000081b00000| Complete 
|   8|0x0000000081c00000, 0x0000000081c00000, 0x0000000081d00000|  0%| F|  |TAMS 0x0000000081c00000| PB 0x0000000081c00000| Untracked 
|   9|0x0000000081d00000, 0x0000000081d00000, 0x0000000081e00000|  0%| F|  |TAMS 0x0000000081d00000| PB 0x0000000081d00000| Untracked 
|  10|0x0000000081e00000, 0x0000000081e00000, 0x0000000081f00000|  0%| F|  |TAMS 0x0000000081e00000| PB 0x0000000081e00000| Untracked 
|  11|0x0000000081f00000, 0x0000000081f00000, 0x0000000082000000|  0%| F|  |TAMS 0x0000000081f00000| PB 0x0000000081f00000| Untracked 
|  12|0x0000000082000000, 0x0000000082000000, 0x0000000082100000|  0%| F|  |TAMS 0x0000000082000000| PB 0x0000000082000000| Untracked 
|  13|0x0000000082100000, 0x0000000082100000, 0x0000000082200000|  0%| F|  |TAMS 0x0000000082100000| PB 0x0000000082100000| Untracked 
|  14|0x0000000082200000, 0x0000000082200000, 0x0000000082300000|  0%| F|  |TAMS 0x0000000082200000| PB 0x0000000082200000| Untracked 
|  15|0x0000000082300000, 0x0000000082300000, 0x0000000082400000|  0%| F|  |TAMS 0x0000000082300000| PB 0x0000000082300000| Untracked 
|  16|0x0000000082400000, 0x0000000082400000, 0x0000000082500000|  0%| F|  |TAMS 0x0000000082400000| PB 0x0000000082400000| Untracked 
|  17|0x0000000082500000, 0x0000000082500000, 0x0000000082600000|  0%| F|  |TAMS 0x0000000082500000| PB 0x0000000082500000| Untracked 
|  18|0x0000000082600000, 0x0000000082600000, 0x0000000082700000|  0%| F|  |TAMS 0x0000000082600000| PB 0x0000000082600000| Untracked 
|  19|0x0000000082700000, 0x0000000082700000, 0x0000000082800000|  0%| F|  |TAMS 0x0000000082700000| PB 0x0000000082700000| Untracked 
|  20|0x0000000082800000, 0x0000000082800000, 0x0000000082900000|  0%| F|  |TAMS 0x0000000082800000| PB 0x0000000082800000| Untracked 
|  21|0x0000000082900000, 0x0000000082900000, 0x0000000082a00000|  0%| F|  |TAMS 0x0000000082900000| PB 0x0000000082900000| Untracked 
|  22|0x0000000082a00000, 0x0000000082a00000, 0x0000000082b00000|  0%| F|  |TAMS 0x0000000082a00000| PB 0x0000000082a00000| Untracked 
|  23|0x0000000082b00000, 0x0000000082b00000, 0x0000000082c00000|  0%| F|  |TAMS 0x0000000082b00000| PB 0x0000000082b00000| Untracked 
|  24|0x0000000082c00000, 0x0000000082c00000, 0x0000000082d00000|  0%| F|  |TAMS 0x0000000082c00000| PB 0x0000000082c00000| Untracked 
|  25|0x0000000082d00000, 0x0000000082d00000, 0x0000000082e00000|  0%| F|  |TAMS 0x0000000082d00000| PB 0x0000000082d00000| Untracked 
|  26|0x0000000082e00000, 0x0000000082e00000, 0x0000000082f00000|  0%| F|  |TAMS 0x0000000082e00000| PB 0x0000000082e00000| Untracked 
|  27|0x0000000082f00000, 0x0000000082f00000, 0x0000000083000000|  0%| F|  |TAMS 0x0000000082f00000| PB 0x0000000082f00000| Untracked 
|  28|0x0000000083000000, 0x0000000083000000, 0x0000000083100000|  0%| F|  |TAMS 0x0000000083000000| PB 0x0000000083000000| Untracked 
|  29|0x0000000083100000, 0x0000000083100000, 0x0000000083200000|  0%| F|  |TAMS 0x0000000083100000| PB 0x0000000083100000| Untracked 
|  30|0x0000000083200000, 0x0000000083200000, 0x0000000083300000|  0%| F|  |TAMS 0x0000000083200000| PB 0x0000000083200000| Untracked 
|  31|0x0000000083300000, 0x0000000083300000, 0x0000000083400000|  0%| F|  |TAMS 0x0000000083300000| PB 0x0000000083300000| Untracked 
|  32|0x0000000083400000, 0x0000000083400000, 0x0000000083500000|  0%| F|  |TAMS 0x0000000083400000| PB 0x0000000083400000| Untracked 
|  33|0x0000000083500000, 0x0000000083500000, 0x0000000083600000|  0%| F|  |TAMS 0x0000000083500000| PB 0x0000000083500000| Untracked 
|  34|0x0000000083600000, 0x0000000083600000, 0x0000000083700000|  0%| F|  |TAMS 0x0000000083600000| PB 0x0000000083600000| Untracked 
|  35|0x0000000083700000, 0x0000000083700000, 0x0000000083800000|  0%| F|  |TAMS 0x0000000083700000| PB 0x0000000083700000| Untracked 
|  36|0x0000000083800000, 0x0000000083800000, 0x0000000083900000|  0%| F|  |TAMS 0x0000000083800000| PB 0x0000000083800000| Untracked 
|  37|0x0000000083900000, 0x0000000083900000, 0x0000000083a00000|  0%| F|  |TAMS 0x0000000083900000| PB 0x0000000083900000| Untracked 
|  38|0x0000000083a00000, 0x0000000083b00000, 0x0000000083b00000|100%| E|  |TAMS 0x0000000083a00000| PB 0x0000000083a00000| Complete 
|  39|0x0000000083b00000, 0x0000000083c00000, 0x0000000083c00000|100%| E|CS|TAMS 0x0000000083b00000| PB 0x0000000083b00000| Complete 
|  40|0x0000000083c00000, 0x0000000083d00000, 0x0000000083d00000|100%| E|CS|TAMS 0x0000000083c00000| PB 0x0000000083c00000| Complete 
|  41|0x0000000083d00000, 0x0000000083e00000, 0x0000000083e00000|100%| E|CS|TAMS 0x0000000083d00000| PB 0x0000000083d00000| Complete 
|  84|0x0000000086800000, 0x0000000086840a00, 0x0000000086900000| 25%| S|CS|TAMS 0x0000000086800000| PB 0x0000000086800000| Complete 
|  85|0x0000000086900000, 0x0000000086a00000, 0x0000000086a00000|100%| S|CS|TAMS 0x0000000086900000| PB 0x0000000086900000| Complete 
|  86|0x0000000086a00000, 0x0000000086b00000, 0x0000000086b00000|100%| S|CS|TAMS 0x0000000086a00000| PB 0x0000000086a00000| Complete 
|  87|0x0000000086b00000, 0x0000000086c00000, 0x0000000086c00000|100%| S|CS|TAMS 0x0000000086b00000| PB 0x0000000086b00000| Complete 
|  88|0x0000000086c00000, 0x0000000086d00000, 0x0000000086d00000|100%| S|CS|TAMS 0x0000000086c00000| PB 0x0000000086c00000| Complete 
|  89|0x0000000086d00000, 0x0000000086e00000, 0x0000000086e00000|100%| S|CS|TAMS 0x0000000086d00000| PB 0x0000000086d00000| Complete 
|  90|0x0000000086e00000, 0x0000000086f00000, 0x0000000086f00000|100%| S|CS|TAMS 0x0000000086e00000| PB 0x0000000086e00000| Complete 
| 127|0x0000000089300000, 0x0000000089400000, 0x0000000089400000|100%| E|CS|TAMS 0x0000000089300000| PB 0x0000000089300000| Complete 

Card table byte_map: [0x000001a813e60000,0x000001a814260000] _byte_map_base: 0x000001a813a56000

Marking Bits: (CMBitMap*) 0x000001a87f7dfd00
 Bits: [0x000001a814260000, 0x000001a816210000)

Polling page: 0x000001a87eb60000

Metaspace:

Usage:
  Non-class:     18.39 MB used.
      Class:      2.62 MB used.
       Both:     21.01 MB used.

Virtual space:
  Non-class space:       64.00 MB reserved,      18.56 MB ( 29%) committed,  1 nodes.
      Class space:        1.00 GB reserved,       2.81 MB ( <1%) committed,  1 nodes.
             Both:        1.06 GB reserved,      21.38 MB (  2%) committed. 

Chunk freelists:
   Non-Class:  12.51 MB
       Class:  13.04 MB
        Both:  25.55 MB

MaxMetaspaceSize: unlimited
CompressedClassSpaceSize: 1.00 GB
Initial GC threshold: 21.00 MB
Current GC threshold: 35.12 MB
CDS: on
 - commit_granule_bytes: 65536.
 - commit_granule_words: 8192.
 - virtual_space_node_default_size: 8388608.
 - enlarge_chunks_in_place: 1.
 - use_allocation_guard: 0.


Internal statistics:

num_allocs_failed_limit: 3.
num_arena_births: 334.
num_arena_deaths: 0.
num_vsnodes_births: 2.
num_vsnodes_deaths: 0.
num_space_committed: 342.
num_space_uncommitted: 0.
num_chunks_returned_to_freelist: 3.
num_chunks_taken_from_freelist: 1083.
num_chunk_merges: 0.
num_chunk_splits: 717.
num_chunks_enlarged: 508.
num_inconsistent_stats: 0.

CodeHeap 'non-profiled nmethods': size=120000Kb used=1083Kb max_used=1083Kb free=118916Kb
 bounds [0x000001a80c930000, 0x000001a80cba0000, 0x000001a813e60000]
CodeHeap 'profiled nmethods': size=120000Kb used=5395Kb max_used=5395Kb free=114604Kb
 bounds [0x000001a804e60000, 0x000001a8053b0000, 0x000001a80c390000]
CodeHeap 'non-nmethods': size=5760Kb used=1450Kb max_used=1487Kb free=4310Kb
 bounds [0x000001a80c390000, 0x000001a80c600000, 0x000001a80c930000]
 total_blobs=3297 nmethods=2765 adapters=436
 compilation: enabled
              stopped_count=0, restarted_count=0
 full_count=0

Compilation events (20 events):
Event: 1.823 Thread 0x000001a818c79890 2465       3       org.springframework.core.type.classreading.MergedAnnotationReadingVisitor::visitEnd (51 bytes)
Event: 1.823 Thread 0x000001a818c79890 nmethod 2465 0x000001a8052e5f10 code [0x000001a8052e6100, 0x000001a8052e6510]
Event: 1.823 Thread 0x000001a818c79890 2466       3       org.springframework.core.annotation.MergedAnnotation::of (8 bytes)
Event: 1.823 Thread 0x000001a818c79890 nmethod 2466 0x000001a8052e6690 code [0x000001a8052e6840, 0x000001a8052e6958]
Event: 1.823 Thread 0x000001a818c79890 2467       3       org.springframework.core.annotation.TypeMappedAnnotation::of (36 bytes)
Event: 1.824 Thread 0x000001a818c79890 nmethod 2467 0x000001a8052e6a10 code [0x000001a8052e6ca0, 0x000001a8052e78c8]
Event: 1.824 Thread 0x000001a818c79890 2464       3       org.springframework.core.annotation.AnnotationTypeMappings::isMappable (47 bytes)
Event: 1.824 Thread 0x000001a818c79890 nmethod 2464 0x000001a8052e7d90 code [0x000001a8052e7fa0, 0x000001a8052e84e0]
Event: 1.825 Thread 0x000001a818c79890 2468       2       java.lang.Character::toLowerCase (6 bytes)
Event: 1.825 Thread 0x000001a818c79890 nmethod 2468 0x000001a8052e8690 code [0x000001a8052e8840, 0x000001a8052e8988]
Event: 1.825 Thread 0x000001a818c79890 2469       1       java.util.stream.Collectors$CollectorImpl::supplier (5 bytes)
Event: 1.825 Thread 0x000001a818c79890 nmethod 2469 0x000001a80ca2d790 code [0x000001a80ca2d920, 0x000001a80ca2d9e8]
Event: 1.825 Thread 0x000001a818c79890 2472       3       java.util.LinkedHashSet::<init> (10 bytes)
Event: 1.825 Thread 0x000001a818c79890 nmethod 2472 0x000001a8052e8a90 code [0x000001a8052e8c60, 0x000001a8052e8db8]
Event: 1.825 Thread 0x000001a818c79890 2473       3       org.springframework.core.annotation.MergedAnnotationsCollection$AnnotationsSpliterator::createMergedAnnotationIfPossible (54 bytes)
Event: 1.826 Thread 0x000001a818c79890 nmethod 2473 0x000001a8052e8e90 code [0x000001a8052e9080, 0x000001a8052e9518]
Event: 1.826 Thread 0x000001a818c79890 2470       1       java.util.stream.Collectors$CollectorImpl::accumulator (5 bytes)
Event: 1.826 Thread 0x000001a818c79890 nmethod 2470 0x000001a80ca2da90 code [0x000001a80ca2dc20, 0x000001a80ca2dce8]
Event: 1.826 Thread 0x000001a818c79890 2471       1       java.util.stream.Collectors$CollectorImpl::combiner (5 bytes)
Event: 1.826 Thread 0x000001a818c79890 nmethod 2471 0x000001a80ca2dd90 code [0x000001a80ca2df20, 0x000001a80ca2dfe8]

GC Heap History (4 events):
Event: 0.748 GC heap before
{Heap before GC invocations=0 (full 0):
 garbage-first heap   total 131072K, used 24576K [0x0000000081400000, 0x0000000100000000)
  region size 1024K, 23 young (23552K), 0 survivors (0K)
 Metaspace       used 6756K, committed 6976K, reserved 1114112K
  class space    used 787K, committed 896K, reserved 1048576K
}
Event: 0.754 GC heap after
{Heap after GC invocations=1 (full 0):
 garbage-first heap   total 131072K, used 7850K [0x0000000081400000, 0x0000000100000000)
  region size 1024K, 3 young (3072K), 3 survivors (3072K)
 Metaspace       used 6756K, committed 6976K, reserved 1114112K
  class space    used 787K, committed 896K, reserved 1048576K
}
Event: 1.331 GC heap before
{Heap before GC invocations=1 (full 0):
 garbage-first heap   total 131072K, used 36522K [0x0000000081400000, 0x0000000100000000)
  region size 1024K, 32 young (32768K), 3 survivors (3072K)
 Metaspace       used 14182K, committed 14528K, reserved 1114112K
  class space    used 1861K, committed 1984K, reserved 1048576K
}
Event: 1.337 GC heap after
{Heap after GC invocations=2 (full 0):
 garbage-first heap   total 131072K, used 10398K [0x0000000081400000, 0x0000000100000000)
  region size 1024K, 3 young (3072K), 3 survivors (3072K)
 Metaspace       used 14182K, committed 14528K, reserved 1114112K
  class space    used 1861K, committed 1984K, reserved 1048576K
}

Dll operation events (7 events):
Event: 0.014 Loaded shared library D:\eclipse\plugins\org.eclipse.justj.openjdk.hotspot.jre.full.win32.x86_64_21.0.5.v20241023-1957\jre\bin\java.dll
Event: 0.041 Loaded shared library D:\eclipse\plugins\org.eclipse.justj.openjdk.hotspot.jre.full.win32.x86_64_21.0.5.v20241023-1957\jre\bin\zip.dll
Event: 0.102 Loaded shared library D:\eclipse\plugins\org.eclipse.justj.openjdk.hotspot.jre.full.win32.x86_64_21.0.5.v20241023-1957\jre\bin\net.dll
Event: 0.103 Loaded shared library D:\eclipse\plugins\org.eclipse.justj.openjdk.hotspot.jre.full.win32.x86_64_21.0.5.v20241023-1957\jre\bin\nio.dll
Event: 0.106 Loaded shared library D:\eclipse\plugins\org.eclipse.justj.openjdk.hotspot.jre.full.win32.x86_64_21.0.5.v20241023-1957\jre\bin\zip.dll
Event: 0.219 Loaded shared library D:\eclipse\plugins\org.eclipse.justj.openjdk.hotspot.jre.full.win32.x86_64_21.0.5.v20241023-1957\jre\bin\jimage.dll
Event: 1.748 Loaded shared library D:\eclipse\plugins\org.eclipse.justj.openjdk.hotspot.jre.full.win32.x86_64_21.0.5.v20241023-1957\jre\bin\sunmscapi.dll

Deoptimization events (20 events):
Event: 1.723 Thread 0x000001a87ea08720 DEOPT PACKING pc=0x000001a804f81986 sp=0x00000013830fe730
Event: 1.723 Thread 0x000001a87ea08720 DEOPT UNPACKING pc=0x000001a80c3e4e42 sp=0x00000013830fdc40 mode 0
Event: 1.724 Thread 0x000001a87ea08720 DEOPT PACKING pc=0x000001a804f81986 sp=0x00000013830fe730
Event: 1.724 Thread 0x000001a87ea08720 DEOPT UNPACKING pc=0x000001a80c3e4e42 sp=0x00000013830fdc40 mode 0
Event: 1.725 Thread 0x000001a87ea08720 DEOPT PACKING pc=0x000001a804f81986 sp=0x00000013830fe730
Event: 1.725 Thread 0x000001a87ea08720 DEOPT UNPACKING pc=0x000001a80c3e4e42 sp=0x00000013830fdc40 mode 0
Event: 1.725 Thread 0x000001a87ea08720 DEOPT PACKING pc=0x000001a804f81986 sp=0x00000013830fe730
Event: 1.725 Thread 0x000001a87ea08720 DEOPT UNPACKING pc=0x000001a80c3e4e42 sp=0x00000013830fdc40 mode 0
Event: 1.802 Thread 0x000001a87ea08720 Uncommon trap: trap_request=0xffffffc6 fr.pc=0x000001a80c9d5124 relative=0x00000000000008e4
Event: 1.802 Thread 0x000001a87ea08720 Uncommon trap: reason=bimorphic_or_optimized_type_check action=maybe_recompile pc=0x000001a80c9d5124 method=java.util.HashMap.putVal(ILjava/lang/Object;Ljava/lang/Object;ZZ)Ljava/lang/Object; @ 91 c2
Event: 1.802 Thread 0x000001a87ea08720 DEOPT PACKING pc=0x000001a80c9d5124 sp=0x00000013830fe6c0
Event: 1.802 Thread 0x000001a87ea08720 DEOPT UNPACKING pc=0x000001a80c3e46a2 sp=0x00000013830fe5d0 mode 2
Event: 1.806 Thread 0x000001a87ea08720 Uncommon trap: trap_request=0xffffffc6 fr.pc=0x000001a80c9d5124 relative=0x00000000000008e4
Event: 1.806 Thread 0x000001a87ea08720 Uncommon trap: reason=bimorphic_or_optimized_type_check action=maybe_recompile pc=0x000001a80c9d5124 method=java.util.HashMap.putVal(ILjava/lang/Object;Ljava/lang/Object;ZZ)Ljava/lang/Object; @ 91 c2
Event: 1.806 Thread 0x000001a87ea08720 DEOPT PACKING pc=0x000001a80c9d5124 sp=0x00000013830fe6c0
Event: 1.806 Thread 0x000001a87ea08720 DEOPT UNPACKING pc=0x000001a80c3e46a2 sp=0x00000013830fe5d0 mode 2
Event: 1.821 Thread 0x000001a87ea08720 Uncommon trap: trap_request=0xffffff45 fr.pc=0x000001a80c9a2a50 relative=0x0000000000000c50
Event: 1.821 Thread 0x000001a87ea08720 Uncommon trap: reason=unstable_if action=reinterpret pc=0x000001a80c9a2a50 method=jdk.internal.org.objectweb.asm.SymbolTable.put(Ljdk/internal/org/objectweb/asm/SymbolTable$Entry;)Ljdk/internal/org/objectweb/asm/SymbolTable$Entry; @ 13 c2
Event: 1.821 Thread 0x000001a87ea08720 DEOPT PACKING pc=0x000001a80c9a2a50 sp=0x00000013830fcca0
Event: 1.821 Thread 0x000001a87ea08720 DEOPT UNPACKING pc=0x000001a80c3e46a2 sp=0x00000013830fcbd8 mode 2

Classes loaded (20 events):
Event: 1.737 Loading class java/security/AuthProvider
Event: 1.737 Loading class java/security/AuthProvider done
Event: 1.738 Loading class java/security/PrivilegedActionException
Event: 1.738 Loading class java/security/PrivilegedActionException done
Event: 1.738 Loading class javax/security/auth/login/FailedLoginException
Event: 1.739 Loading class javax/security/auth/login/FailedLoginException done
Event: 1.739 Loading class javax/security/auth/callback/CallbackHandler
Event: 1.739 Loading class javax/security/auth/callback/CallbackHandler done
Event: 1.739 Loading class javax/security/auth/Subject
Event: 1.739 Loading class javax/security/auth/Subject done
Event: 1.754 Loading class sun/security/provider/certpath/ldap/JdkLDAP
Event: 1.754 Loading class sun/security/provider/certpath/ldap/JdkLDAP done
Event: 1.755 Loading class sun/security/provider/certpath/ldap/JdkLDAP$ProviderService
Event: 1.755 Loading class sun/security/provider/certpath/ldap/JdkLDAP$ProviderService done
Event: 1.755 Loading class com/sun/security/sasl/Provider
Event: 1.756 Loading class com/sun/security/sasl/Provider done
Event: 1.756 Loading class com/sun/security/sasl/Provider$1
Event: 1.756 Loading class com/sun/security/sasl/Provider$1 done
Event: 1.756 Loading class com/sun/security/sasl/Provider$ProviderService
Event: 1.756 Loading class com/sun/security/sasl/Provider$ProviderService done

Classes unloaded (0 events):
No events

Classes redefined (0 events):
No events

Internal exceptions (20 events):
Event: 0.862 Thread 0x000001a87ea08720 Exception <a 'java/lang/NoSuchMethodError'{0x00000000890f2c60}: 'java.lang.Object java.lang.invoke.DirectMethodHandle$Holder.invokeVirtual(java.lang.Object, java.lang.Object, java.lang.Object)'> (0x00000000890f2c60) 
thrown [s\src\hotspot\share\interpreter\linkResolver.cpp, line 773]
Event: 0.884 Thread 0x000001a87ea08720 Exception <a 'java/lang/NoSuchMethodError'{0x0000000088f78ac8}: 'void java.lang.invoke.DirectMethodHandle$Holder.invokeVirtual(java.lang.Object, java.lang.Object, java.lang.Object, java.lang.Object)'> (0x0000000088f78ac8) 
thrown [s\src\hotspot\share\interpreter\linkResolver.cpp, line 773]
Event: 0.933 Thread 0x000001a87ea08720 Exception <a 'java/lang/NoSuchMethodError'{0x0000000088d07538}: 'void java.lang.invoke.DirectMethodHandle$Holder.invokeSpecial(java.lang.Object, java.lang.Object, java.lang.Object)'> (0x0000000088d07538) 
thrown [s\src\hotspot\share\interpreter\linkResolver.cpp, line 773]
Event: 0.959 Thread 0x000001a87ea08720 Exception <a 'java/lang/NoSuchMethodError'{0x0000000088de8bc0}: 'void java.lang.invoke.DirectMethodHandle$Holder.invokeStatic(java.lang.Object, java.lang.Object, int)'> (0x0000000088de8bc0) 
thrown [s\src\hotspot\share\interpreter\linkResolver.cpp, line 773]
Event: 0.970 Thread 0x000001a87ea08720 Exception <a 'java/lang/NoSuchMethodError'{0x0000000088c22260}: 'java.lang.reflect.Field[] java.lang.Class.getDeclaredFields(java.lang.Class)'> (0x0000000088c22260) 
thrown [s\src\hotspot\share\interpreter\linkResolver.cpp, line 773]
Event: 0.971 Thread 0x000001a87ea08720 Exception <a 'java/lang/NoSuchMethodError'{0x0000000088c26c70}: 'java.lang.Object java.lang.invoke.DirectMethodHandle$Holder.invokeStatic(java.lang.Object, java.lang.Object, int)'> (0x0000000088c26c70) 
thrown [s\src\hotspot\share\interpreter\linkResolver.cpp, line 773]
Event: 0.973 Thread 0x000001a87ea08720 Exception <a 'java/lang/NoSuchMethodError'{0x0000000088c31e10}: 'void java.lang.invoke.DelegatingMethodHandle$Holder.delegate(java.lang.Object, java.lang.Object, int, java.lang.Object)'> (0x0000000088c31e10) 
thrown [s\src\hotspot\share\interpreter\linkResolver.cpp, line 773]
Event: 0.991 Thread 0x000001a87ea08720 Exception <a 'java/lang/IncompatibleClassChangeError'{0x0000000088b8c528}: Found class java.lang.Object, but interface was expected> (0x0000000088b8c528) 
thrown [s\src\hotspot\share\interpreter\linkResolver.cpp, line 840]
Event: 0.999 Thread 0x000001a87ea08720 Exception <a 'java/lang/NoSuchMethodError'{0x0000000088a08ff8}: 'java.lang.Object java.lang.invoke.DirectMethodHandle$Holder.invokeStaticInit(java.lang.Object, int)'> (0x0000000088a08ff8) 
thrown [s\src\hotspot\share\interpreter\linkResolver.cpp, line 773]
Event: 1.003 Thread 0x000001a87ea08720 Exception <a 'java/lang/NoSuchMethodError'{0x0000000088a13458}: 'java.lang.Object java.lang.invoke.DirectMethodHandle$Holder.invokeStatic(java.lang.Object, int, java.lang.Object)'> (0x0000000088a13458) 
thrown [s\src\hotspot\share\interpreter\linkResolver.cpp, line 773]
Event: 1.004 Thread 0x000001a87ea08720 Exception <a 'java/lang/NoSuchMethodError'{0x0000000088a16ae8}: 'java.lang.Object java.lang.invoke.DirectMethodHandle$Holder.invokeStaticInit(java.lang.Object, int, java.lang.Object)'> (0x0000000088a16ae8) 
thrown [s\src\hotspot\share\interpreter\linkResolver.cpp, line 773]
Event: 1.310 Thread 0x000001a87ea08720 Exception <a 'java/lang/NoSuchMethodError'{0x000000008752c598}: 'int java.lang.invoke.DirectMethodHandle$Holder.invokeSpecial(java.lang.Object, java.lang.Object, java.lang.Object, java.lang.Object, java.lang.Object)'> (0x000000008752c598) 
thrown [s\src\hotspot\share\interpreter\linkResolver.cpp, line 773]
Event: 1.314 Thread 0x000001a87ea08720 Exception <a 'java/lang/NoSuchMethodError'{0x0000000087534b90}: 'void java.lang.invoke.DirectMethodHandle$Holder.invokeVirtual(java.lang.Object, java.lang.Object)'> (0x0000000087534b90) 
thrown [s\src\hotspot\share\interpreter\linkResolver.cpp, line 773]
Event: 1.599 Thread 0x000001a85ee8db00 Exception <a 'java/lang/NoSuchMethodError'{0x00000000884f6280}: 'long java.lang.invoke.DirectMethodHandle$Holder.invokeSpecial(java.lang.Object, java.lang.Object)'> (0x00000000884f6280) 
thrown [s\src\hotspot\share\interpreter\linkResolver.cpp, line 773]
Event: 1.601 Thread 0x000001a85ee8db00 Exception <a 'java/lang/NoSuchMethodError'{0x000000008837e8c0}: 'long java.lang.invoke.DirectMethodHandle$Holder.invokeStatic(java.lang.Object, java.lang.Object)'> (0x000000008837e8c0) 
thrown [s\src\hotspot\share\interpreter\linkResolver.cpp, line 773]
Event: 1.602 Thread 0x000001a85ee8db00 Exception <a 'java/lang/NoSuchMethodError'{0x00000000883819b8}: 'long java.lang.invoke.DirectMethodHandle$Holder.invokeStaticInit(java.lang.Object, java.lang.Object)'> (0x00000000883819b8) 
thrown [s\src\hotspot\share\interpreter\linkResolver.cpp, line 773]
Event: 1.604 Thread 0x000001a85ee8db00 Exception <a 'java/lang/NoSuchMethodError'{0x000000008838dc00}: 'long java.lang.invoke.DirectMethodHandle$Holder.invokeInterface(java.lang.Object, java.lang.Object)'> (0x000000008838dc00) 
thrown [s\src\hotspot\share\interpreter\linkResolver.cpp, line 773]
Event: 1.605 Thread 0x000001a85ee8db00 Exception <a 'java/lang/IncompatibleClassChangeError'{0x0000000088390c20}: Found class java.lang.Object, but interface was expected> (0x0000000088390c20) 
thrown [s\src\hotspot\share\interpreter\linkResolver.cpp, line 840]
Event: 1.612 Thread 0x000001a85ee8db00 Exception <a 'java/lang/NoSuchMethodError'{0x00000000883a5a40}: 'java.lang.Object java.lang.invoke.DirectMethodHandle$Holder.invokeVirtual(java.lang.Object, java.lang.Object, java.lang.Object, java.lang.Object)'> (0x00000000883a5a40) 
thrown [s\src\hotspot\share\interpreter\linkResolver.cpp, line 773]
Event: 1.714 Thread 0x000001a87ea08720 Exception <a 'java/lang/IncompatibleClassChangeError'{0x0000000087c77d30}: Found class java.lang.Object, but interface was expected> (0x0000000087c77d30) 
thrown [s\src\hotspot\share\interpreter\linkResolver.cpp, line 840]

ZGC Phase Switch (0 events):
No events

VM Operations (20 events):
Event: 0.971 Executing VM operation: HandshakeAllThreads (Deoptimize)
Event: 0.971 Executing VM operation: HandshakeAllThreads (Deoptimize) done
Event: 1.116 Executing VM operation: ICBufferFull
Event: 1.116 Executing VM operation: ICBufferFull done
Event: 1.230 Executing VM operation: HandshakeAllThreads (Deoptimize)
Event: 1.230 Executing VM operation: HandshakeAllThreads (Deoptimize) done
Event: 1.289 Executing VM operation: HandshakeAllThreads (Deoptimize)
Event: 1.289 Executing VM operation: HandshakeAllThreads (Deoptimize) done
Event: 1.331 Executing VM operation: G1CollectForAllocation (G1 Evacuation Pause)
Event: 1.337 Executing VM operation: G1CollectForAllocation (G1 Evacuation Pause) done
Event: 1.439 Executing VM operation: HandshakeAllThreads (Deoptimize)
Event: 1.439 Executing VM operation: HandshakeAllThreads (Deoptimize) done
Event: 1.675 Executing VM operation: HandshakeAllThreads (Deoptimize)
Event: 1.675 Executing VM operation: HandshakeAllThreads (Deoptimize) done
Event: 1.721 Executing VM operation: HandshakeAllThreads (Deoptimize)
Event: 1.721 Executing VM operation: HandshakeAllThreads (Deoptimize) done
Event: 1.727 Executing VM operation: HandshakeAllThreads (Deoptimize)
Event: 1.727 Executing VM operation: HandshakeAllThreads (Deoptimize) done
Event: 1.796 Executing VM operation: ICBufferFull
Event: 1.796 Executing VM operation: ICBufferFull done

Memory protections (0 events):
No events

Nmethod flushes (0 events):
No events

Events (17 events):
Event: 0.030 Thread 0x000001a87ea08720 Thread added: 0x000001a87ea08720
Event: 0.042 Thread 0x000001a87ea08720 Thread added: 0x000001a818c629a0
Event: 0.042 Thread 0x000001a87ea08720 Thread added: 0x000001a818c64560
Event: 0.043 Thread 0x000001a87ea08720 Thread added: 0x000001a818c65310
Event: 0.043 Thread 0x000001a87ea08720 Thread added: 0x000001a818c66ff0
Event: 0.043 Thread 0x000001a87ea08720 Thread added: 0x000001a818c67bf0
Event: 0.043 Thread 0x000001a87ea08720 Thread added: 0x000001a818c687f0
Event: 0.043 Thread 0x000001a87ea08720 Thread added: 0x000001a818c74de0
Event: 0.043 Thread 0x000001a87ea08720 Thread added: 0x000001a818c79890
Event: 0.094 Thread 0x000001a87ea08720 Thread added: 0x000001a85e12ae00
Event: 0.098 Thread 0x000001a87ea08720 Thread added: 0x000001a85e12e260
Event: 0.128 Thread 0x000001a818c74de0 Thread added: 0x000001a85e1e5610
Event: 0.962 Thread 0x000001a87ea08720 Thread added: 0x000001a85ee8db00
Event: 1.645 Thread 0x000001a87ea08720 Thread added: 0x000001a85fd3b420
Event: 1.686 Thread 0x000001a818c79890 Thread added: 0x000001a85fba4850
Event: 1.686 Thread 0x000001a85fd3b420 Thread exited: 0x000001a85fd3b420
Event: 1.760 Thread 0x000001a85ee8db00 Thread exited: 0x000001a85ee8db00


Dynamic libraries:
0x00007ff6cd900000 - 0x00007ff6cd90e000 	D:\eclipse\plugins\org.eclipse.justj.openjdk.hotspot.jre.full.win32.x86_64_21.0.5.v20241023-1957\jre\bin\javaw.exe
0x00007ff9b7790000 - 0x00007ff9b7988000 	C:\WINDOWS\SYSTEM32\ntdll.dll
0x00007ff9b6ac0000 - 0x00007ff9b6b7d000 	C:\WINDOWS\System32\KERNEL32.DLL
0x00007ff9b52e0000 - 0x00007ff9b55d6000 	C:\WINDOWS\System32\KERNELBASE.dll
0x00007ff9b55e0000 - 0x00007ff9b56e0000 	C:\WINDOWS\System32\ucrtbase.dll
0x00007ff9a7650000 - 0x00007ff9a7668000 	D:\eclipse\plugins\org.eclipse.justj.openjdk.hotspot.jre.full.win32.x86_64_21.0.5.v20241023-1957\jre\bin\jli.dll
0x00007ff99fe60000 - 0x00007ff99fe7e000 	D:\eclipse\plugins\org.eclipse.justj.openjdk.hotspot.jre.full.win32.x86_64_21.0.5.v20241023-1957\jre\bin\VCRUNTIME140.dll
0x00007ff9b75b0000 - 0x00007ff9b774f000 	C:\WINDOWS\System32\USER32.dll
0x00007ff997bd0000 - 0x00007ff997e6a000 	C:\WINDOWS\WinSxS\amd64_microsoft.windows.common-controls_6595b64144ccf1df_6.0.19041.4355_none_60b8b9eb71f62e16\COMCTL32.dll
0x00007ff9b5150000 - 0x00007ff9b5172000 	C:\WINDOWS\System32\win32u.dll
0x00007ff9b60b0000 - 0x00007ff9b614e000 	C:\WINDOWS\System32\msvcrt.dll
0x00007ff9b69b0000 - 0x00007ff9b69db000 	C:\WINDOWS\System32\GDI32.dll
0x00007ff9b5030000 - 0x00007ff9b5147000 	C:\WINDOWS\System32\gdi32full.dll
0x00007ff9b4ef0000 - 0x00007ff9b4f8d000 	C:\WINDOWS\System32\msvcp_win.dll
0x00007ff9b5f40000 - 0x00007ff9b5f72000 	C:\WINDOWS\System32\IMM32.DLL
0x00007ff9aed40000 - 0x00007ff9aed4c000 	D:\eclipse\plugins\org.eclipse.justj.openjdk.hotspot.jre.full.win32.x86_64_21.0.5.v20241023-1957\jre\bin\vcruntime140_1.dll
0x00007ff99ebb0000 - 0x00007ff99ec3d000 	D:\eclipse\plugins\org.eclipse.justj.openjdk.hotspot.jre.full.win32.x86_64_21.0.5.v20241023-1957\jre\bin\msvcp140.dll
0x00007ff95b080000 - 0x00007ff95be0f000 	D:\eclipse\plugins\org.eclipse.justj.openjdk.hotspot.jre.full.win32.x86_64_21.0.5.v20241023-1957\jre\bin\server\jvm.dll
0x00007ff9b6eb0000 - 0x00007ff9b6f60000 	C:\WINDOWS\System32\ADVAPI32.dll
0x00007ff9b6d30000 - 0x00007ff9b6dd0000 	C:\WINDOWS\System32\sechost.dll
0x00007ff9b5f80000 - 0x00007ff9b60a3000 	C:\WINDOWS\System32\RPCRT4.dll
0x00007ff9b4f90000 - 0x00007ff9b4fb7000 	C:\WINDOWS\System32\bcrypt.dll
0x00007ff9b69f0000 - 0x00007ff9b6a5b000 	C:\WINDOWS\System32\WS2_32.dll
0x00007ff9b4c90000 - 0x00007ff9b4cdb000 	C:\WINDOWS\SYSTEM32\POWRPROF.dll
0x00007ff99ccb0000 - 0x00007ff99ccd7000 	C:\WINDOWS\SYSTEM32\WINMM.dll
0x00007ff9acc80000 - 0x00007ff9acc8a000 	C:\WINDOWS\SYSTEM32\VERSION.dll
0x00007ff9b4c70000 - 0x00007ff9b4c82000 	C:\WINDOWS\SYSTEM32\UMPDC.dll
0x00007ff9b3640000 - 0x00007ff9b3652000 	C:\WINDOWS\SYSTEM32\kernel.appcore.dll
0x00007ff997ea0000 - 0x00007ff997eaa000 	D:\eclipse\plugins\org.eclipse.justj.openjdk.hotspot.jre.full.win32.x86_64_21.0.5.v20241023-1957\jre\bin\jimage.dll
0x00007ff9b29f0000 - 0x00007ff9b2bd4000 	C:\WINDOWS\SYSTEM32\DBGHELP.DLL
0x00007ff99e860000 - 0x00007ff99e894000 	C:\WINDOWS\SYSTEM32\dbgcore.DLL
0x00007ff9b5730000 - 0x00007ff9b57b2000 	C:\WINDOWS\System32\bcryptPrimitives.dll
0x00007ff95fff0000 - 0x00007ff96000f000 	D:\eclipse\plugins\org.eclipse.justj.openjdk.hotspot.jre.full.win32.x86_64_21.0.5.v20241023-1957\jre\bin\java.dll
0x00007ff9b6240000 - 0x00007ff9b69ab000 	C:\WINDOWS\System32\SHELL32.dll
0x00007ff9b2e60000 - 0x00007ff9b35fd000 	C:\WINDOWS\SYSTEM32\windows.storage.dll
0x00007ff9b71c0000 - 0x00007ff9b7513000 	C:\WINDOWS\System32\combase.dll
0x00007ff9b46b0000 - 0x00007ff9b46de000 	C:\WINDOWS\SYSTEM32\Wldp.dll
0x00007ff9b57c0000 - 0x00007ff9b588d000 	C:\WINDOWS\System32\OLEAUT32.dll
0x00007ff9b6f60000 - 0x00007ff9b700d000 	C:\WINDOWS\System32\SHCORE.dll
0x00007ff9b6e30000 - 0x00007ff9b6e85000 	C:\WINDOWS\System32\shlwapi.dll
0x00007ff9b4d70000 - 0x00007ff9b4d94000 	C:\WINDOWS\SYSTEM32\profapi.dll
0x00007ff95fd90000 - 0x00007ff95fda8000 	D:\eclipse\plugins\org.eclipse.justj.openjdk.hotspot.jre.full.win32.x86_64_21.0.5.v20241023-1957\jre\bin\zip.dll
0x00007ff98e1d0000 - 0x00007ff98e1e0000 	D:\eclipse\plugins\org.eclipse.justj.openjdk.hotspot.jre.full.win32.x86_64_21.0.5.v20241023-1957\jre\bin\net.dll
0x00007ff9abfc0000 - 0x00007ff9ac0ca000 	C:\WINDOWS\SYSTEM32\WINHTTP.dll
0x00007ff9b4490000 - 0x00007ff9b44fa000 	C:\WINDOWS\system32\mswsock.dll
0x00007ff95fd70000 - 0x00007ff95fd86000 	D:\eclipse\plugins\org.eclipse.justj.openjdk.hotspot.jre.full.win32.x86_64_21.0.5.v20241023-1957\jre\bin\nio.dll
0x00007ff9b0140000 - 0x00007ff9b014e000 	D:\eclipse\plugins\org.eclipse.justj.openjdk.hotspot.jre.full.win32.x86_64_21.0.5.v20241023-1957\jre\bin\sunmscapi.dll
0x00007ff9b5180000 - 0x00007ff9b52de000 	C:\WINDOWS\System32\CRYPT32.dll
0x00007ff9b4770000 - 0x00007ff9b4799000 	C:\WINDOWS\SYSTEM32\ncrypt.dll
0x00007ff9b46f0000 - 0x00007ff9b472b000 	C:\WINDOWS\SYSTEM32\NTASN1.dll

dbghelp: loaded successfully - version: 4.0.5 - missing functions: none
symbol engine: initialized successfully - sym options: 0x614 - pdb path: .;D:\eclipse\plugins\org.eclipse.justj.openjdk.hotspot.jre.full.win32.x86_64_21.0.5.v20241023-1957\jre\bin;C:\WINDOWS\SYSTEM32;C:\WINDOWS\WinSxS\amd64_microsoft.windows.common-controls_6595b64144ccf1df_6.0.19041.4355_none_60b8b9eb71f62e16;D:\eclipse\plugins\org.eclipse.justj.openjdk.hotspot.jre.full.win32.x86_64_21.0.5.v20241023-1957\jre\bin\server

VM Arguments:
jvm_args: -Dfile.encoding=UTF-8 -Dstdout.encoding=UTF-8 -Dstderr.encoding=UTF-8 -XX:+ShowCodeDetailsInExceptionMessages 
java_command: com.in28minutes.rest.webservices.restful_web_services.RestfulWebServicesApplication
java_class_path (initial): C:\restful-web-services\target\classes;C:\Users\Admin\.m2\repository\org\springframework\boot\spring-boot-starter-data-jpa\3.4.0\spring-boot-starter-data-jpa-3.4.0.jar;C:\Users\Admin\.m2\repository\org\springframework\boot\spring-boot-starter\3.4.0\spring-boot-starter-3.4.0.jar;C:\Users\Admin\.m2\repository\org\springframework\boot\spring-boot\3.4.0\spring-boot-3.4.0.jar;C:\Users\Admin\.m2\repository\org\springframework\boot\spring-boot-autoconfigure\3.4.0\spring-boot-autoconfigure-3.4.0.jar;C:\Users\Admin\.m2\repository\org\springframework\boot\spring-boot-starter-logging\3.4.0\spring-boot-starter-logging-3.4.0.jar;C:\Users\Admin\.m2\repository\ch\qos\logback\logback-classic\1.5.12\logback-classic-1.5.12.jar;C:\Users\Admin\.m2\repository\ch\qos\logback\logback-core\1.5.12\logback-core-1.5.12.jar;C:\Users\Admin\.m2\repository\org\apache\logging\log4j\log4j-to-slf4j\2.24.1\log4j-to-slf4j-2.24.1.jar;C:\Users\Admin\.m2\repository\org\apache\logging\log4j\log4j-api\2.24.1\log4j-api-2.24.1.jar;C:\Users\Admin\.m2\repository\org\slf4j\jul-to-slf4j\2.0.16\jul-to-slf4j-2.0.16.jar;C:\Users\Admin\.m2\repository\jakarta\annotation\jakarta.annotation-api\2.1.1\jakarta.annotation-api-2.1.1.jar;C:\Users\Admin\.m2\repository\org\yaml\snakeyaml\2.3\snakeyaml-2.3.jar;C:\Users\Admin\.m2\repository\org\springframework\boot\spring-boot-starter-jdbc\3.4.0\spring-boot-starter-jdbc-3.4.0.jar;C:\Users\Admin\.m2\repository\com\zaxxer\HikariCP\5.1.0\HikariCP-5.1.0.jar;C:\Users\Admin\.m2\repository\org\springframework\spring-jdbc\6.2.0\spring-jdbc-6.2.0.jar;C:\Users\Admin\.m2\repository\org\hibernate\orm\hibernate-core\6.6.2.Final\hibernate-core-6.6.2.Final.jar;C:\Users\Admin\.m2\repository\jakarta\persistence\jakarta.persistence-api\3.1.0\jakarta.persistence-api-3.1.0.jar;C:\Users\Admin\.m2\repository\jakarta\transaction\jakarta.transaction-api\2.0.1\jakarta.transaction-api-2.0.1.jar;C:\Users\Admin\.m2\repository\org\jboss\logging\jboss-logging\3.6.1.Final\jboss-logging-3.6.1.Final.jar;C:\Users\Admin\.m2\repository\org\hibernate\common\hibernate-commons-annotations\7.0.3.Final\hibernate-commons-annotations-7.0.3.Final.jar;C:\Users\Admin\.m2\repository\io\smallrye\jandex\3.2.0\jandex-3.2.0.jar;C:\Users\Admin\.m2\repository\com\fasterxml\classmate\1.7.0\classmate-1.7.0.jar;C:\Users\Admin\.m2\repository\net\bytebuddy\byte-buddy\1.15.10\byte-buddy-1.15.10.jar;C:\Users\Admin\.m2\repository\org\glassfish\jaxb\jaxb-runtime\4.0.5\jaxb-runtime-4.0.5.jar;C:\Users\Admin\.m2\repository\org\glassfish\jaxb\jaxb-core\4.0.5\jaxb-core-4.0.5.jar;C:\Users\Admin\.m2\repository\org\eclipse\angus\angus-activation\2.0.2\angus-activation-2.0.2.jar;C:\Users\Admin\.m2\repository\org\glassfish\jaxb\txw2\4.0.5\txw2-4.0.5.jar;C:\Users\Admin\.m2\repository\com\sun\istack\istack-commons-runtime\4.1.2\istack-commons-runtime-4.1.2.jar;C:\Users\Admin\.m2\repository\jakarta\inject\jakarta.inject-api\2.0.1\jakarta.inject-api-2.0.1.jar;C:\Users\Admin\.m2\repository\org\antlr\antlr4-runtime\4.13.0\antlr4-runtime-4.13.0.jar;C:\Users\Admin\.m2\repository\org\springframework\data\spring-data-jpa\3.4.0\spring-data-jpa-3.4.0.jar;C:\Users\Admin\.m2\repository\org\springframework\data\spring-data-commons\3.4.0\spring-data-commons-3.4.0.jar;C:\Users\Admin\.m2\repository\org\springframework\spring-orm\6.2.0\spring-orm-6.2.0.jar;C:\Users\Admin\.m2\repository\org\springframework\spring-context\6.2.0\spring-context-6.2.0.jar;C:\Users\Admin\.m2\repository\org\springframework\spring-aop\6.2.0\spring-aop-6.2.0.jar;C:\Users\Admin\.m2\repository\org\springframework\spring-tx\6.2.0\spring-tx-6.2.0.jar;C:\Users\Admin\.m2\repository\org\springframework\spring-beans\6.2.0\spring-beans-6.2.0.jar;C:\Users\Admin\.m2\repository\org\slf4j\slf4j-api\2.0.16\slf4j-api-2.0.16.jar;C:\Users\Admin\.m2\repository\org\springframework\spring-aspects\6.2.0\spring-aspects-6.2.0.jar;C:\Users\Admin\.m2\repository\org\aspectj\aspectjweaver\1.9.22.1\aspectjweaver-1.9.22.1.jar;C:\Users\Admin\.m2\repository\org\springframework\boot\spring-boot-starter-web\3.4.0\spring-boot-starter-web-3.4.0.jar;C:\Users\Admin\.m2\repository\org\springframework\boot\spring-boot-starter-json\3.4.0\spring-boot-starter-json-3.4.0.jar;C:\Users\Admin\.m2\repository\com\fasterxml\jackson\core\jackson-databind\2.18.1\jackson-databind-2.18.1.jar;C:\Users\Admin\.m2\repository\com\fasterxml\jackson\core\jackson-annotations\2.18.1\jackson-annotations-2.18.1.jar;C:\Users\Admin\.m2\repository\com\fasterxml\jackson\core\jackson-core\2.18.1\jackson-core-2.18.1.jar;C:\Users\Admin\.m2\repository\com\fasterxml\jackson\datatype\jackson-datatype-jdk8\2.18.1\jackson-datatype-jdk8-2.18.1.jar;C:\Users\Admin\.m2\repository\com\fasterxml\jackson\datatype\jackson-datatype-jsr310\2.18.1\jackson-datatype-jsr310-2.18.1.jar;C:\Users\Admin\.m2\repository\com\fasterxml\jackson\module\jackson-module-parameter-names\2.18.1\jackson-module-parameter-names-2.18.1.jar;C:\Users\Admin\.m2\repository\org\springframework\boot\spring-boot-starter-tomcat\3.4.0\spring-boot-starter-tomcat-3.4.0.jar;C:\Users\Admin\.m2\repository\org\apache\tomcat\embed\tomcat-embed-core\10.1.33\tomcat-embed-core-10.1.33.jar;C:\Users\Admin\.m2\repository\org\apache\tomcat\embed\tomcat-embed-websocket\10.1.33\tomcat-embed-websocket-10.1.33.jar;C:\Users\Admin\.m2\repository\org\springframework\spring-web\6.2.0\spring-web-6.2.0.jar;C:\Users\Admin\.m2\repository\io\micrometer\micrometer-observation\1.14.1\micrometer-observation-1.14.1.jar;C:\Users\Admin\.m2\repository\io\micrometer\micrometer-commons\1.14.1\micrometer-commons-1.14.1.jar;C:\Users\Admin\.m2\repository\org\springframework\spring-webmvc\6.2.0\spring-webmvc-6.2.0.jar;C:\Users\Admin\.m2\repository\org\springframework\spring-expression\6.2.0\spring-expression-6.2.0.jar;C:\Users\Admin\.m2\repository\org\springframework\boot\spring-boot-starter-validation\3.4.0\spring-boot-starter-validation-3.4.0.jar;C:\Users\Admin\.m2\repository\org\apache\tomcat\embed\tomcat-embed-el\10.1.33\tomcat-embed-el-10.1.33.jar;C:\Users\Admin\.m2\repository\org\hibernate\validator\hibernate-validator\8.0.1.Final\hibernate-validator-8.0.1.Final.jar;C:\Users\Admin\.m2\repository\jakarta\validation\jakarta.validation-api\3.0.2\jakarta.validation-api-3.0.2.jar;C:\Users\Admin\.m2\repository\org\springdoc\springdoc-openapi-starter-webmvc-ui\2.7.0\springdoc-openapi-starter-webmvc-ui-2.7.0.jar;C:\Users\Admin\.m2\repository\org\springdoc\springdoc-openapi-starter-webmvc-api\2.7.0\springdoc-openapi-starter-webmvc-api-2.7.0.jar;C:\Users\Admin\.m2\repository\org\springdoc\springdoc-openapi-starter-common\2.7.0\springdoc-openapi-starter-common-2.7.0.jar;C:\Users\Admin\.m2\repository\io\swagger\core\v3\swagger-core-jakarta\2.2.25\swagger-core-jakarta-2.2.25.jar;C:\Users\Admin\.m2\repository\org\apache\commons\commons-lang3\3.17.0\commons-lang3-3.17.0.jar;C:\Users\Admin\.m2\repository\io\swagger\core\v3\swagger-annotations-jakarta\2.2.25\swagger-annotations-jakarta-2.2.25.jar;C:\Users\Admin\.m2\repository\io\swagger\core\v3\swagger-models-jakarta\2.2.25\swagger-models-jakarta-2.2.25.jar;C:\Users\Admin\.m2\repository\com\fasterxml\jackson\dataformat\jackson-dataformat-yaml\2.18.1\jackson-dataformat-yaml-2.18.1.jar;C:\Users\Admin\.m2\repository\org\webjars\swagger-ui\5.18.2\swagger-ui-5.18.2.jar;C:\Users\Admin\.m2\repository\org\webjars\webjars-locator-lite\1.0.1\webjars-locator-lite-1.0.1.jar;C:\Users\Admin\.m2\repository\org\jspecify\jspecify\1.0.0\jspecify-1.0.0.jar;C:\Users\Admin\.m2\repository\com\h2database\h2\2.3.232\h2-2.3.232.jar;C:\Users\Admin\.m2\repository\jakarta\xml\bind\jakarta.xml.bind-api\4.0.2\jakarta.xml.bind-api-4.0.2.jar;C:\Users\Admin\.m2\repository\jakarta\activation\jakarta.activation-api\2.1.3\jakarta.activation-api-2.1.3.jar;C:\Users\Admin\.m2\repository\org\springframework\spring-core\6.2.0\spring-core-6.2.0.jar;C:\Users\Admin\.m2\repository\org\springframework\spring-jcl\6.2.0\spring-jcl-6.2.0.jar
Launcher Type: SUN_STANDARD

[Global flags]
     intx CICompilerCount                          = 4                                         {product} {ergonomic}
     uint ConcGCThreads                            = 2                                         {product} {ergonomic}
     uint G1ConcRefinementThreads                  = 8                                         {product} {ergonomic}
   size_t G1HeapRegionSize                         = 1048576                                   {product} {ergonomic}
    uintx GCDrainStackTargetSize                   = 64                                        {product} {ergonomic}
   size_t InitialHeapSize                          = 134217728                                 {product} {ergonomic}
   size_t MarkStackSize                            = 4194304                                   {product} {ergonomic}
   size_t MaxHeapSize                              = 2126512128                                {product} {ergonomic}
   size_t MaxNewSize                               = 1275068416                                {product} {ergonomic}
   size_t MinHeapDeltaBytes                        = 1048576                                   {product} {ergonomic}
   size_t MinHeapSize                              = 8388608                                   {product} {ergonomic}
    uintx NonNMethodCodeHeapSize                   = 5839372                                {pd product} {ergonomic}
    uintx NonProfiledCodeHeapSize                  = 122909434                              {pd product} {ergonomic}
    uintx ProfiledCodeHeapSize                     = 122909434                              {pd product} {ergonomic}
    uintx ReservedCodeCacheSize                    = 251658240                              {pd product} {ergonomic}
     bool SegmentedCodeCache                       = true                                      {product} {ergonomic}
     bool ShowCodeDetailsInExceptionMessages       = true                                   {manageable} {command line}
   size_t SoftMaxHeapSize                          = 2126512128                             {manageable} {ergonomic}
     bool UseCompressedOops                        = true                           {product lp64_product} {ergonomic}
     bool UseG1GC                                  = true                                      {product} {ergonomic}
     bool UseLargePagesIndividualAllocation        = false                                  {pd product} {ergonomic}

Logging:
Log output configuration:
 #0: stdout all=warning uptime,level,tags foldmultilines=false
 #1: stderr all=off uptime,level,tags foldmultilines=false

Environment Variables:
JAVA_HOME=C:\Program Files\Java\jdk-23
PATH=D:/eclipse//plugins/org.eclipse.justj.openjdk.hotspot.jre.full.win32.x86_64_21.0.5.v20241023-1957/jre/bin/server;D:/eclipse//plugins/org.eclipse.justj.openjdk.hotspot.jre.full.win32.x86_64_21.0.5.v20241023-1957/jre/bin;C:\Program Files\Java\jdk-23\bin;C:\Program Files\Common Files\Oracle\Java\javapath;C:\oraclexe\app\oracle\product\11.2.0\server\bin;C:\Python38\Scripts\;C:\Python38\;C:\WINDOWS\system32;C:\WINDOWS;C:\WINDOWS\System32\Wbem;C:\WINDOWS\System32\WindowsPowerShell\v1.0\;C:\WINDOWS\System32\OpenSSH\;C:\Program Files\nodejs\;C:\ProgramData\chocolatey\bin;C:\Program Files\Git\cmd;C:\Users\Admin\AppData\Local\Programs\Python\Python312\Scripts\;C:\Users\Admin\AppData\Local\Programs\Python\Python312\;C:\Users\Admin\AppData\Local\Microsoft\WindowsApps;C:\Users\Admin\AppData\Local\Programs\Microsoft VS Code\bin;C:\Users\Admin\AppData\Roaming\npm;C:\Users\Admin\AppData\Local\GitHubDesktop\bin;C:\Program Files\heroku\bin;C:\Users\Admin\AppData\Local\Microsoft\WindowsApps;;C:\Program Files\JetBrains\PyCharm 2024.2.1\bin;;C:\Program Files\JetBrains\IntelliJ IDEA Community Edition 2024.2.1\bin;;D:\eclipse;
USERNAME=Admin
OS=Windows_NT
PROCESSOR_IDENTIFIER=Intel64 Family 6 Model 142 Stepping 10, GenuineIntel
TMP=C:\Users\Admin\AppData\Local\Temp
TEMP=C:\Users\Admin\AppData\Local\Temp




Periodic native trim disabled

---------------  S Y S T E M  ---------------

OS:
 Windows 10 , 64 bit Build 19041 (10.0.19041.3636)
OS uptime: 4 days 22:02 hours
Hyper-V role detected

CPU: total 8 (initial active 8) (4 cores per cpu, 2 threads per core) family 6 model 142 stepping 10 microcode 0xb4, cx8, cmov, fxsr, ht, mmx, 3dnowpref, sse, sse2, sse3, ssse3, sse4.1, sse4.2, popcnt, lzcnt, tsc, tscinvbit, avx, avx2, aes, erms, clmul, bmi1, bmi2, adx, fma, vzeroupper, clflush, clflushopt, hv, rdtscp, f16c
Processor Information for all 8 processors :
  Max Mhz: 1801, Current Mhz: 1801, Mhz Limit: 1801

Memory: 4k page, system-wide physical 8108M (594M free)
TotalPageFile size 10156M (AvailPageFile size 71M)
current process WorkingSet (physical memory assigned to process): 139M, peak: 155M
current process commit charge ("private bytes"): 208M, peak: 276M

vm_info: OpenJDK 64-Bit Server VM (21.0.5+11-LTS) for windows-amd64 JRE (21.0.5+11-LTS), built on 2024-10-15T00:00:00Z by "admin" with MS VC++ 17.7 (VS2022)

END.
