#
# There is insufficient memory for the Java Runtime Environment to continue.
# Native memory allocation (malloc) failed to allocate 32744 bytes. Error detail: Chunk::new
# Possible reasons:
#   The system is out of physical RAM or swap space
#   This process is running with CompressedOops enabled, and the Java Heap may be blocking the growth of the native heap
# Possible solutions:
#   Reduce memory load on the system
#   Increase physical memory or swap space
#   Check if swap backing store is full
#   Decrease Java heap size (-Xmx/-Xms)
#   Decrease number of Java threads
#   Decrease Java thread stack sizes (-Xss)
#   Set larger code cache with -XX:ReservedCodeCacheSize=
#   JVM is running with Unscaled Compressed Oops mode in which the Java heap is
#     placed in the first 4GB address space. The Java Heap base address is the
#     maximum limit for the native heap growth. Please use -XX:HeapBaseMinAddress
#     to set the Java Heap base and to place the Java Heap above 4GB virtual address.
# This output file may be truncated or incomplete.
#
#  Out of Memory Error (arena.cpp:168), pid=12348, tid=11240
#
# JRE version: OpenJDK Runtime Environment Temurin-21.0.5+11 (21.0.5+11) (build 21.0.5+11-LTS)
# Java VM: OpenJDK 64-Bit Server VM Temurin-21.0.5+11 (21.0.5+11-LTS, mixed mode, sharing, tiered, compressed oops, compressed class ptrs, g1 gc, windows-amd64)
# No core dump will be written. Minidumps are not enabled by default on client versions of Windows
#

---------------  S U M M A R Y ------------

Command Line: -Dfile.encoding=UTF-8 -Dstdout.encoding=UTF-8 -Dstderr.encoding=UTF-8 -XX:+ShowCodeDetailsInExceptionMessages com.in28minutes.rest.webservices.restful_web_services.RestfulWebServicesApplication

Host: Intel(R) Core(TM) i5-8250U CPU @ 1.60GHz, 8 cores, 7G,  Windows 10 , 64 bit Build 19041 (10.0.19041.3636)
Time: Sat Dec 21 13:35:07 2024 India Standard Time elapsed time: 11.925960 seconds (0d 0h 0m 11s)

---------------  T H R E A D  ---------------

Current thread (0x0000026316ca0100):  JavaThread "C2 CompilerThread1" daemon [_thread_in_native, id=11240, stack(0x000000a4c2800000,0x000000a4c2900000) (1024K)]


Current CompileTask:
C2:11926 4197       4       jdk.internal.org.objectweb.asm.Frame::pop (53 bytes)

Stack: [0x000000a4c2800000,0x000000a4c2900000]
Native frames: (J=compiled Java code, j=interpreted, Vv=VM code, C=native code)
V  [jvm.dll+0x6cd4e9]
V  [jvm.dll+0x8a7941]
V  [jvm.dll+0x8a9e6e]
V  [jvm.dll+0x8aa543]
V  [jvm.dll+0x27f6d6]
V  [jvm.dll+0xc500d]
V  [jvm.dll+0xc5543]
V  [jvm.dll+0x5fc8f0]
V  [jvm.dll+0x5f7baf]
V  [jvm.dll+0x5f796a]
V  [jvm.dll+0x5f6ac8]
V  [jvm.dll+0x250b82]
V  [jvm.dll+0x250f3f]
V  [jvm.dll+0x249814]
V  [jvm.dll+0x246ea4]
V  [jvm.dll+0x1c75ce]
V  [jvm.dll+0x25682a]
V  [jvm.dll+0x254dca]
V  [jvm.dll+0x3f00d6]
V  [jvm.dll+0x8514fb]
V  [jvm.dll+0x6cbbed]
C  [ucrtbase.dll+0x21bb2]
C  [KERNEL32.DLL+0x17344]
C  [ntdll.dll+0x526b1]


---------------  P R O C E S S  ---------------

Threads class SMR info:
_java_thread_list=0x000002635ebc5bd0, length=14, elements={
0x000002637e7cae80, 0x000002637fdfd340, 0x000002637fdfe050, 0x000002637fe01ec0,
0x000002637fe02b90, 0x000002637fe03f30, 0x000002637fe052d0, 0x000002637fe06050,
0x000002637fe17e10, 0x0000026316c28010, 0x0000026316c25f40, 0x0000026316ca0100,
0x000002635ce2daa0, 0x0000026316c28d30
}

Java Threads: ( => current thread )
  0x000002637e7cae80 JavaThread "main"                              [_thread_in_vm, id=10996, stack(0x000000a4c1600000,0x000000a4c1700000) (1024K)]
  0x000002637fdfd340 JavaThread "Reference Handler"          daemon [_thread_blocked, id=17596, stack(0x000000a4c1e00000,0x000000a4c1f00000) (1024K)]
  0x000002637fdfe050 JavaThread "Finalizer"                  daemon [_thread_blocked, id=6776, stack(0x000000a4c1f00000,0x000000a4c2000000) (1024K)]
  0x000002637fe01ec0 JavaThread "Signal Dispatcher"          daemon [_thread_blocked, id=13708, stack(0x000000a4c2000000,0x000000a4c2100000) (1024K)]
  0x000002637fe02b90 JavaThread "Attach Listener"            daemon [_thread_blocked, id=22444, stack(0x000000a4c2100000,0x000000a4c2200000) (1024K)]
  0x000002637fe03f30 JavaThread "Service Thread"             daemon [_thread_blocked, id=15368, stack(0x000000a4c2200000,0x000000a4c2300000) (1024K)]
  0x000002637fe052d0 JavaThread "Monitor Deflation Thread"   daemon [_thread_blocked, id=13492, stack(0x000000a4c2300000,0x000000a4c2400000) (1024K)]
  0x000002637fe06050 JavaThread "C2 CompilerThread0"         daemon [_thread_in_native, id=14252, stack(0x000000a4c2400000,0x000000a4c2500000) (1024K)]
  0x000002637fe17e10 JavaThread "C1 CompilerThread0"         daemon [_thread_in_native, id=10876, stack(0x000000a4c2500000,0x000000a4c2600000) (1024K)]
  0x0000026316c28010 JavaThread "Notification Thread"        daemon [_thread_blocked, id=12116, stack(0x000000a4c2600000,0x000000a4c2700000) (1024K)]
  0x0000026316c25f40 JavaThread "Common-Cleaner"             daemon [_thread_blocked, id=536, stack(0x000000a4c2700000,0x000000a4c2800000) (1024K)]
=>0x0000026316ca0100 JavaThread "C2 CompilerThread1"         daemon [_thread_in_native, id=11240, stack(0x000000a4c2800000,0x000000a4c2900000) (1024K)]
  0x000002635ce2daa0 JavaThread "C2 CompilerThread2"         daemon [_thread_in_native, id=19760, stack(0x000000a4c2f00000,0x000000a4c3000000) (1024K)]
  0x0000026316c28d30 JavaThread "HikariPool-1 housekeeper"   daemon [_thread_in_vm, id=11744, stack(0x000000a4c3100000,0x000000a4c3200000) (1024K)]
Total: 14

Other Threads:
  0x000002637fde1680 VMThread "VM Thread"                           [id=10896, stack(0x000000a4c1d00000,0x000000a4c1e00000) (1024K)] _threads_hazard_ptr=0x000002635ebc5bd0
  0x000002637fdcfc30 WatcherThread "VM Periodic Task Thread"        [id=2372, stack(0x000000a4c1c00000,0x000000a4c1d00000) (1024K)]
  0x000002637e81ff40 WorkerThread "GC Thread#0"                     [id=16988, stack(0x000000a4c1700000,0x000000a4c1800000) (1024K)]
  0x000002635cb71ac0 WorkerThread "GC Thread#1"                     [id=6488, stack(0x000000a4c2a00000,0x000000a4c2b00000) (1024K)]
  0x000002635c75dc10 WorkerThread "GC Thread#2"                     [id=1148, stack(0x000000a4c2b00000,0x000000a4c2c00000) (1024K)]
  0x000002635c676880 WorkerThread "GC Thread#3"                     [id=15500, stack(0x000000a4c2c00000,0x000000a4c2d00000) (1024K)]
  0x000002635c390680 WorkerThread "GC Thread#4"                     [id=14400, stack(0x000000a4c2d00000,0x000000a4c2e00000) (1024K)]
  0x000002635c390a20 WorkerThread "GC Thread#5"                     [id=19328, stack(0x000000a4c2e00000,0x000000a4c2f00000) (1024K)]
  0x000002635cd5f060 WorkerThread "GC Thread#6"                     [id=6772, stack(0x000000a4c2900000,0x000000a4c2a00000) (1024K)]
  0x000002635cea1ec0 WorkerThread "GC Thread#7"                     [id=16824, stack(0x000000a4c3000000,0x000000a4c3100000) (1024K)]
  0x000002637e832e10 ConcurrentGCThread "G1 Main Marker"            [id=12120, stack(0x000000a4c1800000,0x000000a4c1900000) (1024K)]
  0x000002637e833910 WorkerThread "G1 Conc#0"                       [id=21160, stack(0x000000a4c1900000,0x000000a4c1a00000) (1024K)]
  0x000002635cea1b20 WorkerThread "G1 Conc#1"                       [id=20116, stack(0x000000a4c3200000,0x000000a4c3300000) (1024K)]
  0x000002637e88e020 ConcurrentGCThread "G1 Refine#0"               [id=13736, stack(0x000000a4c1a00000,0x000000a4c1b00000) (1024K)]
  0x000002637e88ea90 ConcurrentGCThread "G1 Service"                [id=9932, stack(0x000000a4c1b00000,0x000000a4c1c00000) (1024K)]
Total: 15

Threads with active compile tasks:
C2 CompilerThread0  13127 4198       4       org.springframework.core.annotation.AnnotationsScanner::getDeclaredAnnotations (166 bytes)
C1 CompilerThread0  13127 4203       2       org.springframework.core.ResolvableType::as (86 bytes)
C2 CompilerThread1  13127 4197       4       jdk.internal.org.objectweb.asm.Frame::pop (53 bytes)
C2 CompilerThread2  13127 4110       4       org.springframework.core.annotation.TypeMappedAnnotations::get (52 bytes)
Total: 4

VM state: synchronizing (normal execution)

VM Mutex/Monitor currently owned by a thread:  ([mutex/lock_event])
[0x00007ff95528b300] Metaspace_lock - owner thread: 0x000002637e7cae80
[0x00007ff95528d380] Threads_lock - owner thread: 0x000002637fde1680

Heap address: 0x0000000081400000, size: 2028 MB, Compressed Oops mode: 32-bit

CDS archive(s) mapped at: [0x0000026317000000-0x0000026317c80000-0x0000026317c80000), size 13107200, SharedBaseAddress: 0x0000026317000000, ArchiveRelocationMode: 1.
Compressed class space mapped at: 0x0000026318000000-0x0000026358000000, reserved size: 1073741824
Narrow klass base: 0x0000026317000000, Narrow klass shift: 0, Narrow klass range: 0x100000000

GC Precious Log:
 CardTable entry size: 512
 Card Set container configuration: InlinePtr #cards 5 size 8 Array Of Cards #cards 12 size 40 Howl #buckets 4 coarsen threshold 1843 Howl Bitmap #cards 512 size 80 coarsen threshold 460 Card regions per heap region 1 cards per card region 2048
 CPUs: 8 total, 8 available
 Memory: 8108M
 Large Page Support: Disabled
 NUMA Support: Disabled
 Compressed Oops: Enabled (32-bit)
 Heap Region Size: 1M
 Heap Min Capacity: 8M
 Heap Initial Capacity: 128M
 Heap Max Capacity: 2028M
 Pre-touch: Disabled
 Parallel Workers: 8
 Concurrent Workers: 2
 Concurrent Refinement Workers: 8
 Periodic GC: Disabled

Heap:
 garbage-first heap   total 48128K, used 24787K [0x0000000081400000, 0x0000000100000000)
  region size 1024K, 7 young (7168K), 2 survivors (2048K)
 Metaspace       used 37094K, committed 37568K, reserved 1114112K
  class space    used 4618K, committed 4864K, reserved 1048576K

Heap Regions: E=young(eden), S=young(survivor), O=old, HS=humongous(starts), HC=humongous(continues), CS=collection set, F=free, TAMS=top-at-mark-start, PB=parsable bottom
|   0|0x0000000081400000, 0x0000000081500000, 0x0000000081500000|100%|HS|  |TAMS 0x0000000081400000| PB 0x0000000081400000| Complete 
|   1|0x0000000081500000, 0x0000000081600000, 0x0000000081600000|100%|HS|  |TAMS 0x0000000081500000| PB 0x0000000081500000| Complete 
|   2|0x0000000081600000, 0x0000000081700000, 0x0000000081700000|100%| O|  |TAMS 0x0000000081600000| PB 0x0000000081600000| Untracked 
|   3|0x0000000081700000, 0x0000000081800000, 0x0000000081800000|100%| O|  |TAMS 0x0000000081700000| PB 0x0000000081700000| Untracked 
|   4|0x0000000081800000, 0x0000000081900000, 0x0000000081900000|100%| O|  |TAMS 0x0000000081800000| PB 0x0000000081800000| Untracked 
|   5|0x0000000081900000, 0x0000000081a00000, 0x0000000081a00000|100%| O|  |TAMS 0x0000000081900000| PB 0x0000000081900000| Untracked 
|   6|0x0000000081a00000, 0x0000000081b00000, 0x0000000081b00000|100%| O|  |TAMS 0x0000000081a00000| PB 0x0000000081a00000| Untracked 
|   7|0x0000000081b00000, 0x0000000081c00000, 0x0000000081c00000|100%| O|Cm|TAMS 0x0000000081b00000| PB 0x0000000081b00000| Complete 
|   8|0x0000000081c00000, 0x0000000081d00000, 0x0000000081d00000|100%| O|  |TAMS 0x0000000081c00000| PB 0x0000000081c00000| Untracked 
|   9|0x0000000081d00000, 0x0000000081e00000, 0x0000000081e00000|100%| O|  |TAMS 0x0000000081d00000| PB 0x0000000081d00000| Untracked 
|  10|0x0000000081e00000, 0x0000000081f00000, 0x0000000081f00000|100%| O|  |TAMS 0x0000000081e00000| PB 0x0000000081e00000| Untracked 
|  11|0x0000000081f00000, 0x0000000082000000, 0x0000000082000000|100%| O|  |TAMS 0x0000000081f00000| PB 0x0000000081f00000| Untracked 
|  12|0x0000000082000000, 0x0000000082100000, 0x0000000082100000|100%| O|  |TAMS 0x0000000082000000| PB 0x0000000082000000| Untracked 
|  13|0x0000000082100000, 0x0000000082200000, 0x0000000082200000|100%| O|  |TAMS 0x0000000082100000| PB 0x0000000082100000| Untracked 
|  14|0x0000000082200000, 0x0000000082300000, 0x0000000082300000|100%| O|  |TAMS 0x0000000082200000| PB 0x0000000082200000| Untracked 
|  15|0x0000000082300000, 0x0000000082400000, 0x0000000082400000|100%| O|  |TAMS 0x0000000082300000| PB 0x0000000082300000| Untracked 
|  16|0x0000000082400000, 0x0000000082500000, 0x0000000082500000|100%| O|  |TAMS 0x0000000082400000| PB 0x0000000082400000| Untracked 
|  17|0x0000000082500000, 0x0000000082600000, 0x0000000082600000|100%| O|  |TAMS 0x0000000082500000| PB 0x0000000082500000| Untracked 
|  18|0x0000000082600000, 0x0000000082685f50, 0x0000000082700000| 52%| O|  |TAMS 0x0000000082600000| PB 0x0000000082600000| Untracked 
|  19|0x0000000082700000, 0x0000000082800000, 0x0000000082800000|100%| O|  |TAMS 0x0000000082700000| PB 0x0000000082700000| Untracked 
|  20|0x0000000082800000, 0x0000000082800000, 0x0000000082900000|  0%| F|  |TAMS 0x0000000082800000| PB 0x0000000082800000| Untracked 
|  21|0x0000000082900000, 0x0000000082900000, 0x0000000082a00000|  0%| F|  |TAMS 0x0000000082900000| PB 0x0000000082900000| Untracked 
|  22|0x0000000082a00000, 0x0000000082a00000, 0x0000000082b00000|  0%| F|  |TAMS 0x0000000082a00000| PB 0x0000000082a00000| Untracked 
|  23|0x0000000082b00000, 0x0000000082b00000, 0x0000000082c00000|  0%| F|  |TAMS 0x0000000082b00000| PB 0x0000000082b00000| Untracked 
|  24|0x0000000082c00000, 0x0000000082c00000, 0x0000000082d00000|  0%| F|  |TAMS 0x0000000082c00000| PB 0x0000000082c00000| Untracked 
|  25|0x0000000082d00000, 0x0000000082d00000, 0x0000000082e00000|  0%| F|  |TAMS 0x0000000082d00000| PB 0x0000000082d00000| Untracked 
|  26|0x0000000082e00000, 0x0000000082e00000, 0x0000000082f00000|  0%| F|  |TAMS 0x0000000082e00000| PB 0x0000000082e00000| Untracked 
|  27|0x0000000082f00000, 0x0000000082faee10, 0x0000000083000000| 68%| S|CS|TAMS 0x0000000082f00000| PB 0x0000000082f00000| Complete 
|  28|0x0000000083000000, 0x0000000083100000, 0x0000000083100000|100%| S|CS|TAMS 0x0000000083000000| PB 0x0000000083000000| Complete 
|  29|0x0000000083100000, 0x0000000083100000, 0x0000000083200000|  0%| F|  |TAMS 0x0000000083100000| PB 0x0000000083100000| Untracked 
|  30|0x0000000083200000, 0x0000000083200000, 0x0000000083300000|  0%| F|  |TAMS 0x0000000083200000| PB 0x0000000083200000| Untracked 
|  31|0x0000000083300000, 0x0000000083300000, 0x0000000083400000|  0%| F|  |TAMS 0x0000000083300000| PB 0x0000000083300000| Untracked 
|  32|0x0000000083400000, 0x0000000083400000, 0x0000000083500000|  0%| F|  |TAMS 0x0000000083400000| PB 0x0000000083400000| Untracked 
|  33|0x0000000083500000, 0x0000000083500000, 0x0000000083600000|  0%| F|  |TAMS 0x0000000083500000| PB 0x0000000083500000| Untracked 
|  34|0x0000000083600000, 0x0000000083600000, 0x0000000083700000|  0%| F|  |TAMS 0x0000000083600000| PB 0x0000000083600000| Untracked 
|  35|0x0000000083700000, 0x0000000083700000, 0x0000000083800000|  0%| F|  |TAMS 0x0000000083700000| PB 0x0000000083700000| Untracked 
|  36|0x0000000083800000, 0x0000000083800000, 0x0000000083900000|  0%| F|  |TAMS 0x0000000083800000| PB 0x0000000083800000| Untracked 
|  37|0x0000000083900000, 0x0000000083900000, 0x0000000083a00000|  0%| F|  |TAMS 0x0000000083900000| PB 0x0000000083900000| Untracked 
|  38|0x0000000083a00000, 0x0000000083a00000, 0x0000000083b00000|  0%| F|  |TAMS 0x0000000083a00000| PB 0x0000000083a00000| Untracked 
|  84|0x0000000086800000, 0x0000000086800000, 0x0000000086900000|  0%| F|  |TAMS 0x0000000086800000| PB 0x0000000086800000| Untracked 
|  85|0x0000000086900000, 0x0000000086900000, 0x0000000086a00000|  0%| F|  |TAMS 0x0000000086900000| PB 0x0000000086900000| Untracked 
|  86|0x0000000086a00000, 0x0000000086a00000, 0x0000000086b00000|  0%| F|  |TAMS 0x0000000086a00000| PB 0x0000000086a00000| Untracked 
|  87|0x0000000086b00000, 0x0000000086c00000, 0x0000000086c00000|100%| E|  |TAMS 0x0000000086b00000| PB 0x0000000086b00000| Complete 
|  88|0x0000000086c00000, 0x0000000086d00000, 0x0000000086d00000|100%| E|CS|TAMS 0x0000000086c00000| PB 0x0000000086c00000| Complete 
|  89|0x0000000086d00000, 0x0000000086e00000, 0x0000000086e00000|100%| E|CS|TAMS 0x0000000086d00000| PB 0x0000000086d00000| Complete 
| 126|0x0000000089200000, 0x0000000089300000, 0x0000000089300000|100%| E|CS|TAMS 0x0000000089200000| PB 0x0000000089200000| Complete 
| 127|0x0000000089300000, 0x0000000089400000, 0x0000000089400000|100%| E|  |TAMS 0x0000000089300000| PB 0x0000000089300000| Complete 

Card table byte_map: [0x000002637efc0000,0x000002637f3c0000] _byte_map_base: 0x000002637ebb6000

Marking Bits: (CMBitMap*) 0x000002637e820e50
 Bits: [0x0000026312a50000, 0x0000026314a00000)

Polling page: 0x000002637c5e0000

Metaspace:

Usage:
  Non-class:     31.72 MB used.
      Class:      4.51 MB used.
       Both:     36.23 MB used.

Virtual space:
  Non-class space:       64.00 MB reserved,      31.94 MB ( 50%) committed,  1 nodes.
      Class space:        1.00 GB reserved,       4.75 MB ( <1%) committed,  1 nodes.
             Both:        1.06 GB reserved,      36.69 MB (  3%) committed. 

Chunk freelists:
   Non-Class:  15.48 MB
       Class:  11.23 MB
        Both:  26.71 MB

MaxMetaspaceSize: unlimited
CompressedClassSpaceSize: 1.00 GB
Initial GC threshold: 21.00 MB
Current GC threshold: 59.50 MB
CDS: on
 - commit_granule_bytes: 65536.
 - commit_granule_words: 8192.
 - virtual_space_node_default_size: 8388608.
 - enlarge_chunks_in_place: 1.
 - use_allocation_guard: 0.


Internal statistics:

num_allocs_failed_limit: 6.
num_arena_births: 634.
num_arena_deaths: 0.
num_vsnodes_births: 2.
num_vsnodes_deaths: 0.
num_space_committed: 587.
num_space_uncommitted: 0.
num_chunks_returned_to_freelist: 6.
num_chunks_taken_from_freelist: 1992.
num_chunk_merges: 6.
num_chunk_splits: 1362.
num_chunks_enlarged: 989.
num_inconsistent_stats: 0.

CodeHeap 'non-profiled nmethods': size=120000Kb used=2218Kb max_used=2426Kb free=117781Kb
 bounds [0x000002630b520000, 0x000002630b790000, 0x0000026312a50000]
CodeHeap 'profiled nmethods': size=120000Kb used=7718Kb max_used=8477Kb free=112281Kb
 bounds [0x0000026303a50000, 0x00000263042a0000, 0x000002630af80000]
CodeHeap 'non-nmethods': size=5760Kb used=1513Kb max_used=1581Kb free=4246Kb
 bounds [0x000002630af80000, 0x000002630b1f0000, 0x000002630b520000]
 total_blobs=4400 nmethods=3814 adapters=490
 compilation: enabled
              stopped_count=0, restarted_count=0
 full_count=0

Compilation events (20 events):
Event: 11.466 Thread 0x000002637fe17e10 4189       3       java.nio.MappedByteBuffer::position (8 bytes)
Event: 11.466 Thread 0x000002637fe17e10 nmethod 4189 0x0000026303a76210 code [0x0000026303a763c0, 0x0000026303a76570]
Event: 11.472 Thread 0x000002637fe06050 nmethod 4182 0x000002630b5bff90 code [0x000002630b5c0260, 0x000002630b5c10d0]
Event: 11.472 Thread 0x000002637fe06050 4190   !   4       jdk.internal.ref.PhantomCleanable::remove (60 bytes)
Event: 11.477 Thread 0x000002637fe06050 nmethod 4190 0x000002630b5cf090 code [0x000002630b5cf240, 0x000002630b5cf7d0]
Event: 11.478 Thread 0x000002637fe17e10 4191       3       java.lang.Module::canRead (86 bytes)
Event: 11.478 Thread 0x0000026316ca0100 4192       4       java.lang.reflect.Method::copy (84 bytes)
Event: 11.479 Thread 0x000002637fe06050 4195       4       jdk.internal.org.objectweb.asm.MethodWriter::visitInsn (115 bytes)
Event: 11.479 Thread 0x000002637fe17e10 nmethod 4191 0x0000026303aee890 code [0x0000026303aeec60, 0x0000026303af0968]
Event: 11.479 Thread 0x000002637fe17e10 4196       3       java.lang.reflect.ProxyGenerator$ProxyMethod::codeFieldInitialization (159 bytes)
Event: 11.480 Thread 0x000002637fe17e10 nmethod 4196 0x0000026303ad3e90 code [0x0000026303ad4140, 0x0000026303ad4c30]
Event: 11.480 Thread 0x000002637fe17e10 4193       3       java.lang.reflect.ProxyGenerator$$Lambda/0x0000026318068bd8::apply (8 bytes)
Event: 11.480 Thread 0x000002637fe17e10 nmethod 4193 0x0000026303abe810 code [0x0000026303abe9e0, 0x0000026303abece0]
Event: 11.480 Thread 0x000002637fe17e10 4194       3       java.lang.reflect.ProxyGenerator::lambda$addProxyMethod$0 (9 bytes)
Event: 11.480 Thread 0x000002637fe17e10 nmethod 4194 0x0000026303a80710 code [0x0000026303a808c0, 0x0000026303a80a48]
Event: 11.481 Thread 0x0000026316ca0100 nmethod 4192 0x000002630b59a190 code [0x000002630b59a320, 0x000002630b59a658]
Event: 11.481 Thread 0x0000026316ca0100 4197       4       jdk.internal.org.objectweb.asm.Frame::pop (53 bytes)
Event: 11.486 Thread 0x000002637fe17e10 4203       2       org.springframework.core.ResolvableType::as (86 bytes)
Event: 11.496 Thread 0x000002637fe06050 nmethod 4195 0x000002630b5abb90 code [0x000002630b5abda0, 0x000002630b5ac798]
Event: 11.497 Thread 0x000002637fe06050 4198       4       org.springframework.core.annotation.AnnotationsScanner::getDeclaredAnnotations (166 bytes)

GC Heap History (14 events):
Event: 1.715 GC heap before
{Heap before GC invocations=0 (full 0):
 garbage-first heap   total 131072K, used 25600K [0x0000000081400000, 0x0000000100000000)
  region size 1024K, 23 young (23552K), 0 survivors (0K)
 Metaspace       used 6737K, committed 6976K, reserved 1114112K
  class space    used 783K, committed 896K, reserved 1048576K
}
Event: 1.722 GC heap after
{Heap after GC invocations=1 (full 0):
 garbage-first heap   total 131072K, used 8042K [0x0000000081400000, 0x0000000100000000)
  region size 1024K, 3 young (3072K), 3 survivors (3072K)
 Metaspace       used 6737K, committed 6976K, reserved 1114112K
  class space    used 783K, committed 896K, reserved 1048576K
}
Event: 2.745 GC heap before
{Heap before GC invocations=1 (full 0):
 garbage-first heap   total 131072K, used 36714K [0x0000000081400000, 0x0000000100000000)
  region size 1024K, 31 young (31744K), 3 survivors (3072K)
 Metaspace       used 13799K, committed 14144K, reserved 1114112K
  class space    used 1824K, committed 1984K, reserved 1048576K
}
Event: 2.752 GC heap after
{Heap after GC invocations=2 (full 0):
 garbage-first heap   total 131072K, used 10600K [0x0000000081400000, 0x0000000100000000)
  region size 1024K, 3 young (3072K), 3 survivors (3072K)
 Metaspace       used 13799K, committed 14144K, reserved 1114112K
  class space    used 1824K, committed 1984K, reserved 1048576K
}
Event: 4.091 GC heap before
{Heap before GC invocations=2 (full 0):
 garbage-first heap   total 131072K, used 45416K [0x0000000081400000, 0x0000000100000000)
  region size 1024K, 38 young (38912K), 3 survivors (3072K)
 Metaspace       used 21263K, committed 21504K, reserved 1114112K
  class space    used 2642K, committed 2752K, reserved 1048576K
}
Event: 4.120 GC heap after
{Heap after GC invocations=3 (full 0):
 garbage-first heap   total 131072K, used 14089K [0x0000000081400000, 0x0000000100000000)
  region size 1024K, 6 young (6144K), 6 survivors (6144K)
 Metaspace       used 21263K, committed 21504K, reserved 1114112K
  class space    used 2642K, committed 2752K, reserved 1048576K
}
Event: 6.252 GC heap before
{Heap before GC invocations=4 (full 0):
 garbage-first heap   total 48128K, used 36617K [0x0000000081400000, 0x0000000100000000)
  region size 1024K, 28 young (28672K), 6 survivors (6144K)
 Metaspace       used 23719K, committed 24064K, reserved 1114112K
  class space    used 2950K, committed 3136K, reserved 1048576K
}
Event: 6.262 GC heap after
{Heap after GC invocations=5 (full 0):
 garbage-first heap   total 48128K, used 15880K [0x0000000081400000, 0x0000000100000000)
  region size 1024K, 3 young (3072K), 3 survivors (3072K)
 Metaspace       used 23719K, committed 24064K, reserved 1114112K
  class space    used 2950K, committed 3136K, reserved 1048576K
}
Event: 7.977 GC heap before
{Heap before GC invocations=5 (full 0):
 garbage-first heap   total 48128K, used 36360K [0x0000000081400000, 0x0000000100000000)
  region size 1024K, 23 young (23552K), 3 survivors (3072K)
 Metaspace       used 27085K, committed 27520K, reserved 1114112K
  class space    used 3393K, committed 3584K, reserved 1048576K
}
Event: 8.020 GC heap after
{Heap after GC invocations=6 (full 0):
 garbage-first heap   total 48128K, used 17554K [0x0000000081400000, 0x0000000100000000)
  region size 1024K, 2 young (2048K), 2 survivors (2048K)
 Metaspace       used 27085K, committed 27520K, reserved 1114112K
  class space    used 3393K, committed 3584K, reserved 1048576K
}
Event: 10.056 GC heap before
{Heap before GC invocations=6 (full 0):
 garbage-first heap   total 48128K, used 38034K [0x0000000081400000, 0x0000000100000000)
  region size 1024K, 22 young (22528K), 2 survivors (2048K)
 Metaspace       used 31044K, committed 31488K, reserved 1114112K
  class space    used 3945K, committed 4160K, reserved 1048576K
}
Event: 10.069 GC heap after
{Heap after GC invocations=7 (full 0):
 garbage-first heap   total 48128K, used 20190K [0x0000000081400000, 0x0000000100000000)
  region size 1024K, 3 young (3072K), 3 survivors (3072K)
 Metaspace       used 31044K, committed 31488K, reserved 1114112K
  class space    used 3945K, committed 4160K, reserved 1048576K
}
Event: 11.061 GC heap before
{Heap before GC invocations=7 (full 0):
 garbage-first heap   total 48128K, used 37598K [0x0000000081400000, 0x0000000100000000)
  region size 1024K, 21 young (21504K), 3 survivors (3072K)
 Metaspace       used 35814K, committed 36288K, reserved 1114112K
  class space    used 4438K, committed 4672K, reserved 1048576K
}
Event: 11.070 GC heap after
{Heap after GC invocations=8 (full 0):
 garbage-first heap   total 48128K, used 21715K [0x0000000081400000, 0x0000000100000000)
  region size 1024K, 2 young (2048K), 2 survivors (2048K)
 Metaspace       used 35814K, committed 36288K, reserved 1114112K
  class space    used 4438K, committed 4672K, reserved 1048576K
}

Dll operation events (9 events):
Event: 0.022 Loaded shared library D:\eclipse\plugins\org.eclipse.justj.openjdk.hotspot.jre.full.win32.x86_64_21.0.5.v20241023-1957\jre\bin\java.dll
Event: 0.451 Loaded shared library D:\eclipse\plugins\org.eclipse.justj.openjdk.hotspot.jre.full.win32.x86_64_21.0.5.v20241023-1957\jre\bin\zip.dll
Event: 0.522 Loaded shared library D:\eclipse\plugins\org.eclipse.justj.openjdk.hotspot.jre.full.win32.x86_64_21.0.5.v20241023-1957\jre\bin\net.dll
Event: 0.523 Loaded shared library D:\eclipse\plugins\org.eclipse.justj.openjdk.hotspot.jre.full.win32.x86_64_21.0.5.v20241023-1957\jre\bin\nio.dll
Event: 0.526 Loaded shared library D:\eclipse\plugins\org.eclipse.justj.openjdk.hotspot.jre.full.win32.x86_64_21.0.5.v20241023-1957\jre\bin\zip.dll
Event: 0.669 Loaded shared library D:\eclipse\plugins\org.eclipse.justj.openjdk.hotspot.jre.full.win32.x86_64_21.0.5.v20241023-1957\jre\bin\jimage.dll
Event: 4.279 Loaded shared library D:\eclipse\plugins\org.eclipse.justj.openjdk.hotspot.jre.full.win32.x86_64_21.0.5.v20241023-1957\jre\bin\sunmscapi.dll
Event: 10.221 Loaded shared library D:\eclipse\plugins\org.eclipse.justj.openjdk.hotspot.jre.full.win32.x86_64_21.0.5.v20241023-1957\jre\bin\management.dll
Event: 10.223 Loaded shared library D:\eclipse\plugins\org.eclipse.justj.openjdk.hotspot.jre.full.win32.x86_64_21.0.5.v20241023-1957\jre\bin\management_ext.dll

Deoptimization events (20 events):
Event: 10.457 Thread 0x000002637e7cae80 Uncommon trap: trap_request=0xffffffc6 fr.pc=0x000002630b744220 relative=0x00000000000014e0
Event: 10.457 Thread 0x000002637e7cae80 Uncommon trap: reason=bimorphic_or_optimized_type_check action=maybe_recompile pc=0x000002630b744220 method=java.util.Properties$LineReader.readLine()I @ 70 c2
Event: 10.457 Thread 0x000002637e7cae80 DEOPT PACKING pc=0x000002630b744220 sp=0x000000a4c16fabb0
Event: 10.457 Thread 0x000002637e7cae80 DEOPT UNPACKING pc=0x000002630afd46a2 sp=0x000000a4c16fab38 mode 2
Event: 10.457 Thread 0x000002637e7cae80 Uncommon trap: trap_request=0xffffffde fr.pc=0x000002630b7441d4 relative=0x0000000000001494
Event: 10.457 Thread 0x000002637e7cae80 Uncommon trap: reason=class_check action=maybe_recompile pc=0x000002630b7441d4 method=java.util.Properties$LineReader.readLine()I @ 479 c2
Event: 10.457 Thread 0x000002637e7cae80 DEOPT PACKING pc=0x000002630b7441d4 sp=0x000000a4c16fabb0
Event: 10.457 Thread 0x000002637e7cae80 DEOPT UNPACKING pc=0x000002630afd46a2 sp=0x000000a4c16fab38 mode 2
Event: 10.457 Thread 0x000002637e7cae80 Uncommon trap: trap_request=0xffffffc6 fr.pc=0x000002630b744220 relative=0x00000000000014e0
Event: 10.457 Thread 0x000002637e7cae80 Uncommon trap: reason=bimorphic_or_optimized_type_check action=maybe_recompile pc=0x000002630b744220 method=java.util.Properties$LineReader.readLine()I @ 70 c2
Event: 10.457 Thread 0x000002637e7cae80 DEOPT PACKING pc=0x000002630b744220 sp=0x000000a4c16fabb0
Event: 10.457 Thread 0x000002637e7cae80 DEOPT UNPACKING pc=0x000002630afd46a2 sp=0x000000a4c16fab38 mode 2
Event: 10.953 Thread 0x000002637e7cae80 Uncommon trap: trap_request=0xffffff45 fr.pc=0x000002630b52bdb4 relative=0x0000000000000194
Event: 10.953 Thread 0x000002637e7cae80 Uncommon trap: reason=unstable_if action=reinterpret pc=0x000002630b52bdb4 method=jdk.internal.util.ArraysSupport.vectorizedHashCode(Ljava/lang/Object;IIII)I @ 2 c2
Event: 10.953 Thread 0x000002637e7cae80 DEOPT PACKING pc=0x000002630b52bdb4 sp=0x000000a4c16fb6c0
Event: 10.953 Thread 0x000002637e7cae80 DEOPT UNPACKING pc=0x000002630afd46a2 sp=0x000000a4c16fb670 mode 2
Event: 11.493 Thread 0x000002637e7cae80 Uncommon trap: trap_request=0xffffff45 fr.pc=0x000002630b6bac90 relative=0x0000000000000070
Event: 11.493 Thread 0x000002637e7cae80 Uncommon trap: reason=unstable_if action=reinterpret pc=0x000002630b6bac90 method=java.lang.ClassLoader.createOrGetClassLoaderValueMap()Ljava/util/concurrent/ConcurrentHashMap; @ 6 c2
Event: 11.493 Thread 0x000002637e7cae80 DEOPT PACKING pc=0x000002630b6bac90 sp=0x000000a4c16fc650
Event: 11.493 Thread 0x000002637e7cae80 DEOPT UNPACKING pc=0x000002630afd46a2 sp=0x000000a4c16fc5d8 mode 2

Classes loaded (20 events):
Event: 10.780 Loading class java/util/concurrent/locks/ReentrantLock$FairSync
Event: 10.780 Loading class java/util/concurrent/locks/ReentrantLock$FairSync done
Event: 10.792 Loading class java/util/concurrent/atomic/AtomicLongFieldUpdater
Event: 10.792 Loading class java/util/concurrent/atomic/AtomicLongFieldUpdater done
Event: 10.793 Loading class java/util/concurrent/atomic/AtomicLongFieldUpdater$CASUpdater
Event: 10.793 Loading class java/util/concurrent/atomic/AtomicLongFieldUpdater$CASUpdater done
Event: 10.793 Loading class java/util/concurrent/atomic/AtomicLongFieldUpdater$CASUpdater$1
Event: 10.793 Loading class java/util/concurrent/atomic/AtomicLongFieldUpdater$CASUpdater$1 done
Event: 11.456 Loading class java/util/concurrent/ScheduledThreadPoolExecutor$ScheduledFutureTask
Event: 11.456 Loading class java/util/concurrent/ScheduledThreadPoolExecutor$ScheduledFutureTask done
Event: 11.456 Loading class java/util/concurrent/Executors$RunnableAdapter
Event: 11.456 Loading class java/util/concurrent/Executors$RunnableAdapter done
Event: 11.456 Loading class java/util/concurrent/ThreadPoolExecutor$Worker
Event: 11.457 Loading class java/util/concurrent/ThreadPoolExecutor$Worker done
Event: 11.460 Loading class java/util/concurrent/ThreadPoolExecutor$CallerRunsPolicy
Event: 11.460 Loading class java/util/concurrent/ThreadPoolExecutor$CallerRunsPolicy done
Event: 11.503 Loading class java/util/stream/SortedOps$SizedRefSortingSink
Event: 11.503 Loading class java/util/stream/SortedOps$SizedRefSortingSink done
Event: 11.512 Loading class javax/net/ssl/SSLException
Event: 11.512 Loading class javax/net/ssl/SSLException done

Classes unloaded (0 events):
No events

Classes redefined (0 events):
No events

Internal exceptions (20 events):
Event: 8.391 Thread 0x000002637e7cae80 Exception <a 'java/lang/NoSuchMethodError'{0x0000000086a94d00}: 'void java.lang.invoke.DelegatingMethodHandle$Holder.reinvoke_L(java.lang.Object, java.lang.Object, int)'> (0x0000000086a94d00) 
thrown [s\src\hotspot\share\interpreter\linkResolver.cpp, line 773]
Event: 8.637 Thread 0x000002637e7cae80 Exception <a 'java/lang/NoSuchMethodError'{0x00000000868c4ea8}: 'java.lang.Object java.lang.invoke.DirectMethodHandle$Holder.invokeSpecialIFC(java.lang.Object, java.lang.Object, java.lang.Object)'> (0x00000000868c4ea8) 
thrown [s\src\hotspot\share\interpreter\linkResolver.cpp, line 773]
Event: 8.751 Thread 0x000002637e7cae80 Exception <a 'java/lang/NoSuchMethodError'{0x0000000083921068}: 'java.lang.Object java.lang.invoke.DirectMethodHandle$Holder.invokeVirtual(java.lang.Object, java.lang.Object, java.lang.Object, java.lang.Object, java.lang.Object)'> (0x0000000083921068) 
thrown [s\src\hotspot\share\interpreter\linkResolver.cpp, line 773]
Event: 9.033 Thread 0x000002637e7cae80 Exception <a 'java/lang/NoSuchMethodError'{0x000000008375d308}: 'java.lang.Object java.lang.invoke.DirectMethodHandle$Holder.invokeVirtual(java.lang.Object, java.lang.Object, java.lang.Object, java.lang.Object, java.lang.Object, java.lang.Object)'> (0x000000008375d308) 
thrown [s\src\hotspot\share\interpreter\linkResolver.cpp, line 773]
Event: 9.259 Thread 0x000002637e7cae80 Exception <a 'java/lang/NoSuchMethodError'{0x00000000836705b0}: 'void java.lang.invoke.DirectMethodHandle$Holder.invokeInterface(java.lang.Object, java.lang.Object, int)'> (0x00000000836705b0) 
thrown [s\src\hotspot\share\interpreter\linkResolver.cpp, line 773]
Event: 9.266 Thread 0x000002637e7cae80 Exception <a 'java/lang/IncompatibleClassChangeError'{0x00000000836b33d8}: Found class java.lang.Object, but interface was expected> (0x00000000836b33d8) 
thrown [s\src\hotspot\share\interpreter\linkResolver.cpp, line 840]
Event: 9.286 Thread 0x000002637e7cae80 Exception <a 'java/lang/NoSuchMethodError'{0x00000000836c1700}: 'int java.lang.invoke.DirectMethodHandle$Holder.invokeSpecialIFC(java.lang.Object, java.lang.Object, java.lang.Object)'> (0x00000000836c1700) 
thrown [s\src\hotspot\share\interpreter\linkResolver.cpp, line 773]
Event: 9.316 Thread 0x000002637e7cae80 Exception <a 'java/lang/NoSuchMethodError'{0x00000000836d6b00}: 'void java.lang.invoke.DirectMethodHandle$Holder.invokeStatic(java.lang.Object, int, java.lang.Object)'> (0x00000000836d6b00) 
thrown [s\src\hotspot\share\interpreter\linkResolver.cpp, line 773]
Event: 9.342 Thread 0x000002637e7cae80 Exception <a 'java/lang/NoSuchMethodError'{0x000000008350d0e0}: 'void java.lang.invoke.DirectMethodHandle$Holder.invokeStatic(java.lang.Object, java.lang.Object, java.lang.Object, int, java.lang.Object)'> (0x000000008350d0e0) 
thrown [s\src\hotspot\share\interpreter\linkResolver.cpp, line 773]
Event: 9.344 Thread 0x000002637e7cae80 Exception <a 'java/lang/NoSuchMethodError'{0x00000000835139f0}: 'java.lang.Object java.lang.invoke.DirectMethodHandle$Holder.newInvokeSpecial(java.lang.Object, java.lang.Object, java.lang.Object, int)'> (0x00000000835139f0) 
thrown [s\src\hotspot\share\interpreter\linkResolver.cpp, line 773]
Event: 9.344 Thread 0x000002637e7cae80 Exception <a 'java/lang/NoSuchMethodError'{0x0000000083517860}: 'java.lang.Object java.lang.invoke.DirectMethodHandle$Holder.invokeSpecial(java.lang.Object, java.lang.Object, java.lang.Object, java.lang.Object, int)'> (0x0000000083517860) 
thrown [s\src\hotspot\share\interpreter\linkResolver.cpp, line 773]
Event: 9.345 Thread 0x000002637e7cae80 Exception <a 'java/lang/NoSuchMethodError'{0x000000008351acf8}: 'java.lang.Object java.lang.invoke.Invokers$Holder.linkToTargetMethod(java.lang.Object, java.lang.Object, int, java.lang.Object)'> (0x000000008351acf8) 
thrown [s\src\hotspot\share\interpreter\linkResolver.cpp, line 773]
Event: 9.659 Thread 0x000002637e7cae80 Exception <a 'java/lang/NoSuchMethodError'{0x00000000832b3af0}: 'java.lang.Object java.lang.invoke.DirectMethodHandle$Holder.invokeStaticInit(java.lang.Object, int, int, int, int)'> (0x00000000832b3af0) 
thrown [s\src\hotspot\share\interpreter\linkResolver.cpp, line 773]
Event: 9.711 Thread 0x000002637e7cae80 Exception <a 'java/lang/NoSuchMethodError'{0x000000008310d0a8}: 'java.lang.Object java.lang.invoke.DirectMethodHandle$Holder.invokeStaticInit(java.lang.Object, java.lang.Object, int, int, int, int)'> (0x000000008310d0a8) 
thrown [s\src\hotspot\share\interpreter\linkResolver.cpp, line 773]
Event: 10.137 Thread 0x000002637e7cae80 Exception <a 'java/lang/NoSuchMethodError'{0x00000000893d09a8}: 'int java.lang.invoke.DirectMethodHandle$Holder.invokeVirtual(java.lang.Object, java.lang.Object, java.lang.Object, java.lang.Object)'> (0x00000000893d09a8) 
thrown [s\src\hotspot\share\interpreter\linkResolver.cpp, line 773]
Event: 10.138 Thread 0x000002637e7cae80 Exception <a 'java/lang/NoSuchMethodError'{0x00000000893d4268}: 'int java.lang.invoke.DelegatingMethodHandle$Holder.reinvoke_L(java.lang.Object, java.lang.Object, java.lang.Object, java.lang.Object)'> (0x00000000893d4268) 
thrown [s\src\hotspot\share\interpreter\linkResolver.cpp, line 773]
Event: 10.237 Thread 0x000002637e7cae80 Exception <a 'java/io/FileNotFoundException'{0x0000000086dd8108}> (0x0000000086dd8108) 
thrown [s\src\hotspot\share\prims\jni.cpp, line 520]
Event: 10.281 Thread 0x000002637e7cae80 Exception <a 'java/lang/NoSuchMethodError'{0x0000000086bb1e00}: 'int java.lang.invoke.DirectMethodHandle$Holder.invokeInterface(java.lang.Object, java.lang.Object, java.lang.Object, java.lang.Object)'> (0x0000000086bb1e00) 
thrown [s\src\hotspot\share\interpreter\linkResolver.cpp, line 773]
Event: 10.798 Thread 0x000002637e7cae80 Exception <a 'java/lang/NoSuchMethodError'{0x00000000836c5a20}: 'void java.lang.invoke.DirectMethodHandle$Holder.invokeStaticInit(java.lang.Object, java.lang.Object, java.lang.Object, java.lang.Object, java.lang.Object)'> (0x00000000836c5a20) 
thrown [s\src\hotspot\share\interpreter\linkResolver.cpp, line 773]
Event: 11.476 Thread 0x000002637e7cae80 Exception <a 'java/lang/NoSuchMethodError'{0x0000000086c2b580}: 'java.lang.Object java.lang.invoke.DirectMethodHandle$Holder.invokeStaticInit(java.lang.Object, java.lang.Object, java.lang.Object, java.lang.Object)'> (0x0000000086c2b580) 
thrown [s\src\hotspot\share\interpreter\linkResolver.cpp, line 773]

ZGC Phase Switch (0 events):
No events

VM Operations (20 events):
Event: 10.191 Executing VM operation: HandshakeAllThreads (Deoptimize)
Event: 10.191 Executing VM operation: HandshakeAllThreads (Deoptimize) done
Event: 10.227 Executing VM operation: HandshakeAllThreads (Deoptimize)
Event: 10.227 Executing VM operation: HandshakeAllThreads (Deoptimize) done
Event: 10.585 Executing VM operation: HandshakeAllThreads (Deoptimize)
Event: 10.585 Executing VM operation: HandshakeAllThreads (Deoptimize) done
Event: 10.781 Executing VM operation: HandshakeAllThreads (Deoptimize)
Event: 10.781 Executing VM operation: HandshakeAllThreads (Deoptimize) done
Event: 10.800 Executing VM operation: HandshakeAllThreads (Deoptimize)
Event: 10.801 Executing VM operation: HandshakeAllThreads (Deoptimize) done
Event: 11.061 Executing VM operation: CollectForMetadataAllocation (Metadata GC Threshold)
Event: 11.070 Executing VM operation: CollectForMetadataAllocation (Metadata GC Threshold) done
Event: 11.090 Executing VM operation: G1PauseRemark
Event: 11.306 Executing VM operation: G1PauseRemark done
Event: 11.312 Executing VM operation: G1PauseCleanup
Event: 11.312 Executing VM operation: G1PauseCleanup done
Event: 11.499 Executing VM operation: HandshakeAllThreads (Deoptimize)
Event: 11.499 Executing VM operation: HandshakeAllThreads (Deoptimize) done
Event: 11.499 Executing VM operation: HandshakeAllThreads (Deoptimize)
Event: 11.499 Executing VM operation: HandshakeAllThreads (Deoptimize) done

Memory protections (0 events):
No events

Nmethod flushes (20 events):
Event: 11.305 Thread 0x000002637fde1680 flushing  nmethod 0x0000026303ce2b90
Event: 11.305 Thread 0x000002637fde1680 flushing  nmethod 0x0000026303ce8810
Event: 11.305 Thread 0x000002637fde1680 flushing  nmethod 0x0000026303d1bb90
Event: 11.305 Thread 0x000002637fde1680 flushing  nmethod 0x0000026303d20990
Event: 11.305 Thread 0x000002637fde1680 flushing  nmethod 0x0000026303d24710
Event: 11.305 Thread 0x000002637fde1680 flushing  nmethod 0x0000026303d32f90
Event: 11.305 Thread 0x000002637fde1680 flushing  nmethod 0x0000026303d3a790
Event: 11.305 Thread 0x000002637fde1680 flushing  nmethod 0x0000026303d99310
Event: 11.305 Thread 0x000002637fde1680 flushing  nmethod 0x0000026303d9a310
Event: 11.305 Thread 0x000002637fde1680 flushing  nmethod 0x0000026303d9ac10
Event: 11.305 Thread 0x000002637fde1680 flushing  nmethod 0x0000026303db8a90
Event: 11.305 Thread 0x000002637fde1680 flushing  nmethod 0x0000026303dcfc90
Event: 11.305 Thread 0x000002637fde1680 flushing  nmethod 0x0000026303dd1590
Event: 11.305 Thread 0x000002637fde1680 flushing  nmethod 0x0000026303dd2210
Event: 11.305 Thread 0x000002637fde1680 flushing  nmethod 0x0000026303e24310
Event: 11.305 Thread 0x000002637fde1680 flushing  nmethod 0x0000026303e27b90
Event: 11.305 Thread 0x000002637fde1680 flushing  nmethod 0x0000026303e59090
Event: 11.305 Thread 0x000002637fde1680 flushing  nmethod 0x0000026303e59510
Event: 11.305 Thread 0x000002637fde1680 flushing  nmethod 0x0000026303e5b490
Event: 11.305 Thread 0x000002637fde1680 flushing  nmethod 0x0000026303e85290

Events (20 events):
Event: 0.453 Thread 0x000002637e7cae80 Thread added: 0x000002637fdfe050
Event: 0.453 Thread 0x000002637e7cae80 Thread added: 0x000002637fe01ec0
Event: 0.453 Thread 0x000002637e7cae80 Thread added: 0x000002637fe02b90
Event: 0.453 Thread 0x000002637e7cae80 Thread added: 0x000002637fe03f30
Event: 0.453 Thread 0x000002637e7cae80 Thread added: 0x000002637fe052d0
Event: 0.453 Thread 0x000002637e7cae80 Thread added: 0x000002637fe06050
Event: 0.453 Thread 0x000002637e7cae80 Thread added: 0x000002637fe17e10
Event: 0.512 Thread 0x000002637e7cae80 Thread added: 0x0000026316c28010
Event: 0.517 Thread 0x000002637e7cae80 Thread added: 0x0000026316c25f40
Event: 0.553 Thread 0x000002637fe17e10 Thread added: 0x0000026316ca0100
Event: 0.553 Thread 0x000002637fe17e10 Thread added: 0x0000026316ca07a0
Event: 2.151 Thread 0x000002637e7cae80 Thread added: 0x0000026316c265d0
Event: 2.153 Thread 0x0000026316ca07a0 Thread exited: 0x0000026316ca07a0
Event: 3.080 Thread 0x000002637fe17e10 Thread added: 0x000002635ce2e840
Event: 3.123 Thread 0x000002637e7cae80 Thread added: 0x0000026316c272f0
Event: 3.297 Thread 0x0000026316c272f0 Thread exited: 0x0000026316c272f0
Event: 4.357 Thread 0x0000026316c265d0 Thread exited: 0x0000026316c265d0
Event: 5.455 Thread 0x000002635ce2e840 Thread exited: 0x000002635ce2e840
Event: 6.782 Thread 0x000002637fe17e10 Thread added: 0x000002635ce2daa0
Event: 11.457 Thread 0x000002637e7cae80 Thread added: 0x0000026316c28d30


Dynamic libraries:
0x00007ff697810000 - 0x00007ff69781e000 	D:\eclipse\plugins\org.eclipse.justj.openjdk.hotspot.jre.full.win32.x86_64_21.0.5.v20241023-1957\jre\bin\javaw.exe
0x00007ff9b7790000 - 0x00007ff9b7988000 	C:\WINDOWS\SYSTEM32\ntdll.dll
0x00007ff9b6ac0000 - 0x00007ff9b6b7d000 	C:\WINDOWS\System32\KERNEL32.DLL
0x00007ff9b52e0000 - 0x00007ff9b55d6000 	C:\WINDOWS\System32\KERNELBASE.dll
0x00007ff9b55e0000 - 0x00007ff9b56e0000 	C:\WINDOWS\System32\ucrtbase.dll
0x00007ff9b0bb0000 - 0x00007ff9b0bce000 	D:\eclipse\plugins\org.eclipse.justj.openjdk.hotspot.jre.full.win32.x86_64_21.0.5.v20241023-1957\jre\bin\VCRUNTIME140.dll
0x00007ff9b0b90000 - 0x00007ff9b0ba8000 	D:\eclipse\plugins\org.eclipse.justj.openjdk.hotspot.jre.full.win32.x86_64_21.0.5.v20241023-1957\jre\bin\jli.dll
0x00007ff9b75b0000 - 0x00007ff9b774f000 	C:\WINDOWS\System32\USER32.dll
0x00007ff9b5150000 - 0x00007ff9b5172000 	C:\WINDOWS\System32\win32u.dll
0x00007ff997bd0000 - 0x00007ff997e6a000 	C:\WINDOWS\WinSxS\amd64_microsoft.windows.common-controls_6595b64144ccf1df_6.0.19041.4355_none_60b8b9eb71f62e16\COMCTL32.dll
0x00007ff9b69b0000 - 0x00007ff9b69db000 	C:\WINDOWS\System32\GDI32.dll
0x00007ff9b60b0000 - 0x00007ff9b614e000 	C:\WINDOWS\System32\msvcrt.dll
0x00007ff9b5030000 - 0x00007ff9b5147000 	C:\WINDOWS\System32\gdi32full.dll
0x00007ff9b4ef0000 - 0x00007ff9b4f8d000 	C:\WINDOWS\System32\msvcp_win.dll
0x00007ff9b5f40000 - 0x00007ff9b5f72000 	C:\WINDOWS\System32\IMM32.DLL
0x00007ff9b21f0000 - 0x00007ff9b21fc000 	D:\eclipse\plugins\org.eclipse.justj.openjdk.hotspot.jre.full.win32.x86_64_21.0.5.v20241023-1957\jre\bin\vcruntime140_1.dll
0x00007ff994ee0000 - 0x00007ff994f6d000 	D:\eclipse\plugins\org.eclipse.justj.openjdk.hotspot.jre.full.win32.x86_64_21.0.5.v20241023-1957\jre\bin\msvcp140.dll
0x00007ff9545e0000 - 0x00007ff95536f000 	D:\eclipse\plugins\org.eclipse.justj.openjdk.hotspot.jre.full.win32.x86_64_21.0.5.v20241023-1957\jre\bin\server\jvm.dll
0x00007ff9b6eb0000 - 0x00007ff9b6f60000 	C:\WINDOWS\System32\ADVAPI32.dll
0x00007ff9b6d30000 - 0x00007ff9b6dd0000 	C:\WINDOWS\System32\sechost.dll
0x00007ff9b5f80000 - 0x00007ff9b60a3000 	C:\WINDOWS\System32\RPCRT4.dll
0x00007ff9b4f90000 - 0x00007ff9b4fb7000 	C:\WINDOWS\System32\bcrypt.dll
0x00007ff9b69f0000 - 0x00007ff9b6a5b000 	C:\WINDOWS\System32\WS2_32.dll
0x00007ff9b4c90000 - 0x00007ff9b4cdb000 	C:\WINDOWS\SYSTEM32\POWRPROF.dll
0x00007ff99ccb0000 - 0x00007ff99ccd7000 	C:\WINDOWS\SYSTEM32\WINMM.dll
0x00007ff9acc80000 - 0x00007ff9acc8a000 	C:\WINDOWS\SYSTEM32\VERSION.dll
0x00007ff9b4c70000 - 0x00007ff9b4c82000 	C:\WINDOWS\SYSTEM32\UMPDC.dll
0x00007ff9b3640000 - 0x00007ff9b3652000 	C:\WINDOWS\SYSTEM32\kernel.appcore.dll
0x00007ff9b2210000 - 0x00007ff9b221a000 	D:\eclipse\plugins\org.eclipse.justj.openjdk.hotspot.jre.full.win32.x86_64_21.0.5.v20241023-1957\jre\bin\jimage.dll
0x00007ff9b29f0000 - 0x00007ff9b2bd4000 	C:\WINDOWS\SYSTEM32\DBGHELP.DLL
0x00007ff99e860000 - 0x00007ff99e894000 	C:\WINDOWS\SYSTEM32\dbgcore.DLL
0x00007ff9b5730000 - 0x00007ff9b57b2000 	C:\WINDOWS\System32\bcryptPrimitives.dll
0x00007ff9b0b60000 - 0x00007ff9b0b7f000 	D:\eclipse\plugins\org.eclipse.justj.openjdk.hotspot.jre.full.win32.x86_64_21.0.5.v20241023-1957\jre\bin\java.dll
0x00007ff9b6240000 - 0x00007ff9b69ab000 	C:\WINDOWS\System32\SHELL32.dll
0x00007ff9b2e60000 - 0x00007ff9b35fd000 	C:\WINDOWS\SYSTEM32\windows.storage.dll
0x00007ff9b71c0000 - 0x00007ff9b7513000 	C:\WINDOWS\System32\combase.dll
0x00007ff9b46b0000 - 0x00007ff9b46de000 	C:\WINDOWS\SYSTEM32\Wldp.dll
0x00007ff9b57c0000 - 0x00007ff9b588d000 	C:\WINDOWS\System32\OLEAUT32.dll
0x00007ff9b6f60000 - 0x00007ff9b700d000 	C:\WINDOWS\System32\SHCORE.dll
0x00007ff9b6e30000 - 0x00007ff9b6e85000 	C:\WINDOWS\System32\shlwapi.dll
0x00007ff9b4d70000 - 0x00007ff9b4d94000 	C:\WINDOWS\SYSTEM32\profapi.dll
0x00007ff9b0b30000 - 0x00007ff9b0b48000 	D:\eclipse\plugins\org.eclipse.justj.openjdk.hotspot.jre.full.win32.x86_64_21.0.5.v20241023-1957\jre\bin\zip.dll
0x00007ff9b2070000 - 0x00007ff9b2080000 	D:\eclipse\plugins\org.eclipse.justj.openjdk.hotspot.jre.full.win32.x86_64_21.0.5.v20241023-1957\jre\bin\net.dll
0x00007ff9abfc0000 - 0x00007ff9ac0ca000 	C:\WINDOWS\SYSTEM32\WINHTTP.dll
0x00007ff9b4490000 - 0x00007ff9b44fa000 	C:\WINDOWS\system32\mswsock.dll
0x00007ff9b01d0000 - 0x00007ff9b01e6000 	D:\eclipse\plugins\org.eclipse.justj.openjdk.hotspot.jre.full.win32.x86_64_21.0.5.v20241023-1957\jre\bin\nio.dll
0x00007ff9b18a0000 - 0x00007ff9b18ae000 	D:\eclipse\plugins\org.eclipse.justj.openjdk.hotspot.jre.full.win32.x86_64_21.0.5.v20241023-1957\jre\bin\sunmscapi.dll
0x00007ff9b5180000 - 0x00007ff9b52de000 	C:\WINDOWS\System32\CRYPT32.dll
0x00007ff9b4770000 - 0x00007ff9b4799000 	C:\WINDOWS\SYSTEM32\ncrypt.dll
0x00007ff9b46f0000 - 0x00007ff9b472b000 	C:\WINDOWS\SYSTEM32\NTASN1.dll
0x00007ff9b4730000 - 0x00007ff9b4748000 	C:\WINDOWS\SYSTEM32\CRYPTSP.dll
0x00007ff9b3dd0000 - 0x00007ff9b3e04000 	C:\WINDOWS\system32\rsaenh.dll
0x00007ff9b4ce0000 - 0x00007ff9b4d0e000 	C:\WINDOWS\SYSTEM32\USERENV.dll
0x00007ff9b4620000 - 0x00007ff9b462c000 	C:\WINDOWS\SYSTEM32\CRYPTBASE.dll
0x00007ff9b4190000 - 0x00007ff9b41cb000 	C:\WINDOWS\SYSTEM32\IPHLPAPI.DLL
0x00007ff9b6150000 - 0x00007ff9b6158000 	C:\WINDOWS\System32\NSI.dll
0x00007ff9b0220000 - 0x00007ff9b022a000 	D:\eclipse\plugins\org.eclipse.justj.openjdk.hotspot.jre.full.win32.x86_64_21.0.5.v20241023-1957\jre\bin\management.dll
0x00007ff9b0210000 - 0x00007ff9b021b000 	D:\eclipse\plugins\org.eclipse.justj.openjdk.hotspot.jre.full.win32.x86_64_21.0.5.v20241023-1957\jre\bin\management_ext.dll
0x00007ff9b69e0000 - 0x00007ff9b69e8000 	C:\WINDOWS\System32\PSAPI.DLL

dbghelp: loaded successfully - version: 4.0.5 - missing functions: none
symbol engine: initialized successfully - sym options: 0x614 - pdb path: .;D:\eclipse\plugins\org.eclipse.justj.openjdk.hotspot.jre.full.win32.x86_64_21.0.5.v20241023-1957\jre\bin;C:\WINDOWS\SYSTEM32;C:\WINDOWS\WinSxS\amd64_microsoft.windows.common-controls_6595b64144ccf1df_6.0.19041.4355_none_60b8b9eb71f62e16;D:\eclipse\plugins\org.eclipse.justj.openjdk.hotspot.jre.full.win32.x86_64_21.0.5.v20241023-1957\jre\bin\server

VM Arguments:
jvm_args: -Dfile.encoding=UTF-8 -Dstdout.encoding=UTF-8 -Dstderr.encoding=UTF-8 -XX:+ShowCodeDetailsInExceptionMessages 
java_command: com.in28minutes.rest.webservices.restful_web_services.RestfulWebServicesApplication
java_class_path (initial): C:\restful-web-services\target\classes;C:\Users\Admin\.m2\repository\org\springframework\boot\spring-boot-starter-data-jpa\3.4.0\spring-boot-starter-data-jpa-3.4.0.jar;C:\Users\Admin\.m2\repository\org\springframework\boot\spring-boot-starter\3.4.0\spring-boot-starter-3.4.0.jar;C:\Users\Admin\.m2\repository\org\springframework\boot\spring-boot\3.4.0\spring-boot-3.4.0.jar;C:\Users\Admin\.m2\repository\org\springframework\boot\spring-boot-autoconfigure\3.4.0\spring-boot-autoconfigure-3.4.0.jar;C:\Users\Admin\.m2\repository\org\springframework\boot\spring-boot-starter-logging\3.4.0\spring-boot-starter-logging-3.4.0.jar;C:\Users\Admin\.m2\repository\ch\qos\logback\logback-classic\1.5.12\logback-classic-1.5.12.jar;C:\Users\Admin\.m2\repository\ch\qos\logback\logback-core\1.5.12\logback-core-1.5.12.jar;C:\Users\Admin\.m2\repository\org\apache\logging\log4j\log4j-to-slf4j\2.24.1\log4j-to-slf4j-2.24.1.jar;C:\Users\Admin\.m2\repository\org\apache\logging\log4j\log4j-api\2.24.1\log4j-api-2.24.1.jar;C:\Users\Admin\.m2\repository\org\slf4j\jul-to-slf4j\2.0.16\jul-to-slf4j-2.0.16.jar;C:\Users\Admin\.m2\repository\jakarta\annotation\jakarta.annotation-api\2.1.1\jakarta.annotation-api-2.1.1.jar;C:\Users\Admin\.m2\repository\org\yaml\snakeyaml\2.3\snakeyaml-2.3.jar;C:\Users\Admin\.m2\repository\org\springframework\boot\spring-boot-starter-jdbc\3.4.0\spring-boot-starter-jdbc-3.4.0.jar;C:\Users\Admin\.m2\repository\com\zaxxer\HikariCP\5.1.0\HikariCP-5.1.0.jar;C:\Users\Admin\.m2\repository\org\springframework\spring-jdbc\6.2.0\spring-jdbc-6.2.0.jar;C:\Users\Admin\.m2\repository\org\hibernate\orm\hibernate-core\6.6.2.Final\hibernate-core-6.6.2.Final.jar;C:\Users\Admin\.m2\repository\jakarta\persistence\jakarta.persistence-api\3.1.0\jakarta.persistence-api-3.1.0.jar;C:\Users\Admin\.m2\repository\jakarta\transaction\jakarta.transaction-api\2.0.1\jakarta.transaction-api-2.0.1.jar;C:\Users\Admin\.m2\repository\org\jboss\logging\jboss-logging\3.6.1.Final\jboss-logging-3.6.1.Final.jar;C:\Users\Admin\.m2\repository\org\hibernate\common\hibernate-commons-annotations\7.0.3.Final\hibernate-commons-annotations-7.0.3.Final.jar;C:\Users\Admin\.m2\repository\io\smallrye\jandex\3.2.0\jandex-3.2.0.jar;C:\Users\Admin\.m2\repository\com\fasterxml\classmate\1.7.0\classmate-1.7.0.jar;C:\Users\Admin\.m2\repository\net\bytebuddy\byte-buddy\1.15.10\byte-buddy-1.15.10.jar;C:\Users\Admin\.m2\repository\org\glassfish\jaxb\jaxb-runtime\4.0.5\jaxb-runtime-4.0.5.jar;C:\Users\Admin\.m2\repository\org\glassfish\jaxb\jaxb-core\4.0.5\jaxb-core-4.0.5.jar;C:\Users\Admin\.m2\repository\org\eclipse\angus\angus-activation\2.0.2\angus-activation-2.0.2.jar;C:\Users\Admin\.m2\repository\org\glassfish\jaxb\txw2\4.0.5\txw2-4.0.5.jar;C:\Users\Admin\.m2\repository\com\sun\istack\istack-commons-runtime\4.1.2\istack-commons-runtime-4.1.2.jar;C:\Users\Admin\.m2\repository\jakarta\inject\jakarta.inject-api\2.0.1\jakarta.inject-api-2.0.1.jar;C:\Users\Admin\.m2\repository\org\antlr\antlr4-runtime\4.13.0\antlr4-runtime-4.13.0.jar;C:\Users\Admin\.m2\repository\org\springframework\data\spring-data-jpa\3.4.0\spring-data-jpa-3.4.0.jar;C:\Users\Admin\.m2\repository\org\springframework\data\spring-data-commons\3.4.0\spring-data-commons-3.4.0.jar;C:\Users\Admin\.m2\repository\org\springframework\spring-orm\6.2.0\spring-orm-6.2.0.jar;C:\Users\Admin\.m2\repository\org\springframework\spring-context\6.2.0\spring-context-6.2.0.jar;C:\Users\Admin\.m2\repository\org\springframework\spring-aop\6.2.0\spring-aop-6.2.0.jar;C:\Users\Admin\.m2\repository\org\springframework\spring-tx\6.2.0\spring-tx-6.2.0.jar;C:\Users\Admin\.m2\repository\org\springframework\spring-beans\6.2.0\spring-beans-6.2.0.jar;C:\Users\Admin\.m2\repository\org\slf4j\slf4j-api\2.0.16\slf4j-api-2.0.16.jar;C:\Users\Admin\.m2\repository\org\springframework\spring-aspects\6.2.0\spring-aspects-6.2.0.jar;C:\Users\Admin\.m2\repository\org\aspectj\aspectjweaver\1.9.22.1\aspectjweaver-1.9.22.1.jar;C:\Users\Admin\.m2\repository\org\springframework\boot\spring-boot-starter-web\3.4.0\spring-boot-starter-web-3.4.0.jar;C:\Users\Admin\.m2\repository\org\springframework\boot\spring-boot-starter-json\3.4.0\spring-boot-starter-json-3.4.0.jar;C:\Users\Admin\.m2\repository\com\fasterxml\jackson\core\jackson-databind\2.18.1\jackson-databind-2.18.1.jar;C:\Users\Admin\.m2\repository\com\fasterxml\jackson\core\jackson-annotations\2.18.1\jackson-annotations-2.18.1.jar;C:\Users\Admin\.m2\repository\com\fasterxml\jackson\core\jackson-core\2.18.1\jackson-core-2.18.1.jar;C:\Users\Admin\.m2\repository\com\fasterxml\jackson\datatype\jackson-datatype-jdk8\2.18.1\jackson-datatype-jdk8-2.18.1.jar;C:\Users\Admin\.m2\repository\com\fasterxml\jackson\datatype\jackson-datatype-jsr310\2.18.1\jackson-datatype-jsr310-2.18.1.jar;C:\Users\Admin\.m2\repository\com\fasterxml\jackson\module\jackson-module-parameter-names\2.18.1\jackson-module-parameter-names-2.18.1.jar;C:\Users\Admin\.m2\repository\org\springframework\boot\spring-boot-starter-tomcat\3.4.0\spring-boot-starter-tomcat-3.4.0.jar;C:\Users\Admin\.m2\repository\org\apache\tomcat\embed\tomcat-embed-core\10.1.33\tomcat-embed-core-10.1.33.jar;C:\Users\Admin\.m2\repository\org\apache\tomcat\embed\tomcat-embed-websocket\10.1.33\tomcat-embed-websocket-10.1.33.jar;C:\Users\Admin\.m2\repository\org\springframework\spring-web\6.2.0\spring-web-6.2.0.jar;C:\Users\Admin\.m2\repository\io\micrometer\micrometer-observation\1.14.1\micrometer-observation-1.14.1.jar;C:\Users\Admin\.m2\repository\io\micrometer\micrometer-commons\1.14.1\micrometer-commons-1.14.1.jar;C:\Users\Admin\.m2\repository\org\springframework\spring-webmvc\6.2.0\spring-webmvc-6.2.0.jar;C:\Users\Admin\.m2\repository\org\springframework\spring-expression\6.2.0\spring-expression-6.2.0.jar;C:\Users\Admin\.m2\repository\org\springframework\boot\spring-boot-starter-hateoas\3.4.0\spring-boot-starter-hateoas-3.4.0.jar;C:\Users\Admin\.m2\repository\org\springframework\hateoas\spring-hateoas\2.4.0\spring-hateoas-2.4.0.jar;C:\Users\Admin\.m2\repository\org\springframework\plugin\spring-plugin-core\3.0.0\spring-plugin-core-3.0.0.jar;C:\Users\Admin\.m2\repository\org\springframework\boot\spring-boot-starter-validation\3.4.0\spring-boot-starter-validation-3.4.0.jar;C:\Users\Admin\.m2\repository\org\apache\tomcat\embed\tomcat-embed-el\10.1.33\tomcat-embed-el-10.1.33.jar;C:\Users\Admin\.m2\repository\org\hibernate\validator\hibernate-validator\8.0.1.Final\hibernate-validator-8.0.1.Final.jar;C:\Users\Admin\.m2\repository\jakarta\validation\jakarta.validation-api\3.0.2\jakarta.validation-api-3.0.2.jar;C:\Users\Admin\.m2\repository\org\springdoc\springdoc-openapi-starter-webmvc-ui\2.7.0\springdoc-openapi-starter-webmvc-ui-2.7.0.jar;C:\Users\Admin\.m2\repository\org\springdoc\springdoc-openapi-starter-webmvc-api\2.7.0\springdoc-openapi-starter-webmvc-api-2.7.0.jar;C:\Users\Admin\.m2\repository\org\springdoc\springdoc-openapi-starter-common\2.7.0\springdoc-openapi-starter-common-2.7.0.jar;C:\Users\Admin\.m2\repository\io\swagger\core\v3\swagger-core-jakarta\2.2.25\swagger-core-jakarta-2.2.25.jar;C:\Users\Admin\.m2\repository\org\apache\commons\commons-lang3\3.17.0\commons-lang3-3.17.0.jar;C:\Users\Admin\.m2\repository\io\swagger\core\v3\swagger-annotations-jakarta\2.2.25\swagger-annotations-jakarta-2.2.25.jar;C:\Users\Admin\.m2\repository\io\swagger\core\v3\swagger-models-jakarta\2.2.25\swagger-models-jakarta-2.2.25.jar;C:\Users\Admin\.m2\repository\com\fasterxml\jackson\dataformat\jackson-dataformat-yaml\2.18.1\jackson-dataformat-yaml-2.18.1.jar;C:\Users\Admin\.m2\repository\org\webjars\swagger-ui\5.18.2\swagger-ui-5.18.2.jar;C:\Users\Admin\.m2\repository\org\webjars\webjars-locator-lite\1.0.1\webjars-locator-lite-1.0.1.jar;C:\Users\Admin\.m2\repository\org\jspecify\jspecify\1.0.0\jspecify-1.0.0.jar;C:\Users\Admin\.m2\repository\com\h2database\h2\2.3.232\h2-2.3.232.jar;C:\Users\Admin\.m2\repository\com\jayway\jsonpath\json-path\2.9.0\json-path-2.9.0.jar;C:\Users\Admin\.m2\repository\jakarta\xml\bind\jakarta.xml.bind-api\4.0.2\jakarta.xml.bind-api-4.0.2.jar;C:\Users\Admin\.m2\repository\jakarta\activation\jakarta.activation-api\2.1.3\jakarta.activation-api-2.1.3.jar;C:\Users\Admin\.m2\repository\net\minidev\json-smart\2.5.1\json-smart-2.5.1.jar;C:\Users\Admin\.m2\repository\net\minidev\accessors-smart\2.5.1\accessors-smart-2.5.1.jar;C:\Users\Admin\.m2\repository\org\ow2\asm\asm\9.6\asm-9.6.jar;C:\Users\Admin\.m2\repository\org\springframework\spring-core\6.2.0\spring-core-6.2.0.jar;C:\Users\Admin\.m2\repository\org\springframework\spring-jcl\6.2.0\spring-jcl-6.2.0.jar
Launcher Type: SUN_STANDARD

[Global flags]
     intx CICompilerCount                          = 4                                         {product} {ergonomic}
     uint ConcGCThreads                            = 2                                         {product} {ergonomic}
     uint G1ConcRefinementThreads                  = 8                                         {product} {ergonomic}
   size_t G1HeapRegionSize                         = 1048576                                   {product} {ergonomic}
    uintx GCDrainStackTargetSize                   = 64                                        {product} {ergonomic}
   size_t InitialHeapSize                          = 134217728                                 {product} {ergonomic}
   size_t MarkStackSize                            = 4194304                                   {product} {ergonomic}
   size_t MaxHeapSize                              = 2126512128                                {product} {ergonomic}
   size_t MaxNewSize                               = 1275068416                                {product} {ergonomic}
   size_t MinHeapDeltaBytes                        = 1048576                                   {product} {ergonomic}
   size_t MinHeapSize                              = 8388608                                   {product} {ergonomic}
    uintx NonNMethodCodeHeapSize                   = 5839372                                {pd product} {ergonomic}
    uintx NonProfiledCodeHeapSize                  = 122909434                              {pd product} {ergonomic}
    uintx ProfiledCodeHeapSize                     = 122909434                              {pd product} {ergonomic}
    uintx ReservedCodeCacheSize                    = 251658240                              {pd product} {ergonomic}
     bool SegmentedCodeCache                       = true                                      {product} {ergonomic}
     bool ShowCodeDetailsInExceptionMessages       = true                                   {manageable} {command line}
   size_t SoftMaxHeapSize                          = 2126512128                             {manageable} {ergonomic}
     bool UseCompressedOops                        = true                           {product lp64_product} {ergonomic}
     bool UseG1GC                                  = true                                      {product} {ergonomic}
     bool UseLargePagesIndividualAllocation        = false                                  {pd product} {ergonomic}

Logging:
Log output configuration:
 #0: stdout all=warning uptime,level,tags foldmultilines=false
 #1: stderr all=off uptime,level,tags foldmultilines=false

Environment Variables:
JAVA_HOME=C:\Program Files\Java\jdk-23
PATH=D:/eclipse//plugins/org.eclipse.justj.openjdk.hotspot.jre.full.win32.x86_64_21.0.5.v20241023-1957/jre/bin/server;D:/eclipse//plugins/org.eclipse.justj.openjdk.hotspot.jre.full.win32.x86_64_21.0.5.v20241023-1957/jre/bin;C:\Program Files\Java\jdk-23\bin;C:\Program Files\Common Files\Oracle\Java\javapath;C:\oraclexe\app\oracle\product\11.2.0\server\bin;C:\Python38\Scripts\;C:\Python38\;C:\WINDOWS\system32;C:\WINDOWS;C:\WINDOWS\System32\Wbem;C:\WINDOWS\System32\WindowsPowerShell\v1.0\;C:\WINDOWS\System32\OpenSSH\;C:\Program Files\nodejs\;C:\ProgramData\chocolatey\bin;C:\Program Files\Git\cmd;C:\Users\Admin\AppData\Local\Programs\Python\Python312\Scripts\;C:\Users\Admin\AppData\Local\Programs\Python\Python312\;C:\Users\Admin\AppData\Local\Microsoft\WindowsApps;C:\Users\Admin\AppData\Local\Programs\Microsoft VS Code\bin;C:\Users\Admin\AppData\Roaming\npm;C:\Users\Admin\AppData\Local\GitHubDesktop\bin;C:\Program Files\heroku\bin;C:\Users\Admin\AppData\Local\Microsoft\WindowsApps;;C:\Program Files\JetBrains\PyCharm 2024.2.1\bin;;C:\Program Files\JetBrains\IntelliJ IDEA Community Edition 2024.2.1\bin;;D:\eclipse;
USERNAME=Admin
OS=Windows_NT
PROCESSOR_IDENTIFIER=Intel64 Family 6 Model 142 Stepping 10, GenuineIntel
TMP=C:\Users\Admin\AppData\Local\Temp
TEMP=C:\Users\Admin\AppData\Local\Temp




Periodic native trim disabled

---------------  S Y S T E M  ---------------

OS:
 Windows 10 , 64 bit Build 19041 (10.0.19041.3636)
OS uptime: 9 days 2:38 hours
Hyper-V role detected

CPU: total 8 (initial active 8) (4 cores per cpu, 2 threads per core) family 6 model 142 stepping 10 microcode 0xb4, cx8, cmov, fxsr, ht, mmx, 3dnowpref, sse, sse2, sse3, ssse3, sse4.1, sse4.2, popcnt, lzcnt, tsc, tscinvbit, avx, avx2, aes, erms, clmul, bmi1, bmi2, adx, fma, vzeroupper, clflush, clflushopt, hv, rdtscp, f16c
Processor Information for all 8 processors :
  Max Mhz: 1801, Current Mhz: 1200, Mhz Limit: 1801

Memory: 4k page, system-wide physical 8108M (1090M free)
TotalPageFile size 10156M (AvailPageFile size 5M)
current process WorkingSet (physical memory assigned to process): 181M, peak: 200M
current process commit charge ("private bytes"): 217M, peak: 267M

vm_info: OpenJDK 64-Bit Server VM (21.0.5+11-LTS) for windows-amd64 JRE (21.0.5+11-LTS), built on 2024-10-15T00:00:00Z by "admin" with MS VC++ 17.7 (VS2022)

END.
